{"/Users/thufailahamed/Downloads/App-2/apps/api/src/i18n/en.json": {"path":"/Users/thufailahamed/Downloads/App-2/apps/api/src/i18n/en.json","statementMap":{"0":{"start":{"line":1,"column":26},"end":{"line":1,"column":383}},"1":{"start":{"line":2,"column":29},"end":{"line":2,"column":472}},"2":{"start":{"line":3,"column":22},"end":{"line":3,"column":1777}},"3":{"start":{"line":4,"column":24},"end":{"line":4,"column":1625}}},"fnMap":{},"branchMap":{},"s":{"0":1,"1":1,"2":1,"3":1},"f":{},"b":{},"meta":{"lastBranch":0,"lastFunction":0,"lastStatement":4,"seen":{"s:1:26:1:383":0,"s:2:29:2:472":1,"s:3:22:3:1777":2,"s:4:24:4:1625":3},"fnNames":{}}}
,"/Users/thufailahamed/Downloads/App-2/apps/api/src/i18n/si.json": {"path":"/Users/thufailahamed/Downloads/App-2/apps/api/src/i18n/si.json","statementMap":{"0":{"start":{"line":1,"column":26},"end":{"line":1,"column":407}},"1":{"start":{"line":2,"column":29},"end":{"line":2,"column":569}},"2":{"start":{"line":3,"column":22},"end":{"line":3,"column":1915}},"3":{"start":{"line":4,"column":24},"end":{"line":4,"column":1652}}},"fnMap":{},"branchMap":{},"s":{"0":1,"1":1,"2":1,"3":1},"f":{},"b":{},"meta":{"lastBranch":0,"lastFunction":0,"lastStatement":4,"seen":{"s:1:26:1:407":0,"s:2:29:2:569":1,"s:3:22:3:1915":2,"s:4:24:4:1652":3},"fnNames":{}}}
,"/Users/thufailahamed/Downloads/App-2/apps/api/src/i18n/ta.json": {"path":"/Users/thufailahamed/Downloads/App-2/apps/api/src/i18n/ta.json","statementMap":{"0":{"start":{"line":1,"column":26},"end":{"line":1,"column":428}},"1":{"start":{"line":2,"column":29},"end":{"line":2,"column":589}},"2":{"start":{"line":3,"column":22},"end":{"line":3,"column":2060}},"3":{"start":{"line":4,"column":24},"end":{"line":4,"column":1892}}},"fnMap":{},"branchMap":{},"s":{"0":1,"1":1,"2":1,"3":1},"f":{},"b":{},"meta":{"lastBranch":0,"lastFunction":0,"lastStatement":4,"seen":{"s:1:26:1:428":0,"s:2:29:2:589":1,"s:3:22:3:2060":2,"s:4:24:4:1892":3},"fnNames":{}}}
,"/Users/thufailahamed/Downloads/App-2/apps/api/src/lib/access.ts": {"path":"/Users/thufailahamed/Downloads/App-2/apps/api/src/lib/access.ts","statementMap":{"0":{"start":{"line":28,"column":16},"end":{"line":33,"column":null}},"1":{"start":{"line":34,"column":2},"end":{"line":34,"column":null}},"2":{"start":{"line":43,"column":2},"end":{"line":45,"column":null}},"3":{"start":{"line":44,"column":4},"end":{"line":44,"column":null}},"4":{"start":{"line":46,"column":14},"end":{"line":46,"column":null}},"5":{"start":{"line":47,"column":2},"end":{"line":47,"column":null}},"6":{"start":{"line":47,"column":10},"end":{"line":47,"column":null}},"7":{"start":{"line":50,"column":2},"end":{"line":52,"column":null}},"8":{"start":{"line":51,"column":4},"end":{"line":51,"column":null}},"9":{"start":{"line":54,"column":2},"end":{"line":172,"column":null}},"10":{"start":{"line":56,"column":18},"end":{"line":60,"column":null}},"11":{"start":{"line":61,"column":4},"end":{"line":61,"column":null}},"12":{"start":{"line":61,"column":14},"end":{"line":61,"column":null}},"13":{"start":{"line":70,"column":18},"end":{"line":80,"column":null}},"14":{"start":{"line":81,"column":4},"end":{"line":81,"column":null}},"15":{"start":{"line":81,"column":13},"end":{"line":81,"column":null}},"16":{"start":{"line":84,"column":16},"end":{"line":93,"column":null}},"17":{"start":{"line":94,"column":4},"end":{"line":94,"column":null}},"18":{"start":{"line":94,"column":11},"end":{"line":94,"column":null}},"19":{"start":{"line":96,"column":16},"end":{"line":105,"column":null}},"20":{"start":{"line":106,"column":4},"end":{"line":106,"column":null}},"21":{"start":{"line":106,"column":11},"end":{"line":106,"column":null}},"22":{"start":{"line":108,"column":17},"end":{"line":114,"column":null}},"23":{"start":{"line":115,"column":4},"end":{"line":115,"column":null}},"24":{"start":{"line":115,"column":12},"end":{"line":115,"column":null}},"25":{"start":{"line":117,"column":17},"end":{"line":126,"column":null}},"26":{"start":{"line":127,"column":4},"end":{"line":127,"column":null}},"27":{"start":{"line":127,"column":12},"end":{"line":127,"column":null}},"28":{"start":{"line":130,"column":17},"end":{"line":139,"column":null}},"29":{"start":{"line":140,"column":4},"end":{"line":140,"column":null}},"30":{"start":{"line":140,"column":12},"end":{"line":140,"column":null}},"31":{"start":{"line":143,"column":17},"end":{"line":152,"column":null}},"32":{"start":{"line":153,"column":4},"end":{"line":153,"column":null}},"33":{"start":{"line":153,"column":12},"end":{"line":153,"column":null}},"34":{"start":{"line":157,"column":17},"end":{"line":168,"column":null}},"35":{"start":{"line":169,"column":4},"end":{"line":169,"column":null}},"36":{"start":{"line":169,"column":12},"end":{"line":169,"column":null}},"37":{"start":{"line":171,"column":4},"end":{"line":171,"column":null}},"38":{"start":{"line":174,"column":2},"end":{"line":197,"column":null}},"39":{"start":{"line":178,"column":20},"end":{"line":182,"column":null}},"40":{"start":{"line":183,"column":4},"end":{"line":183,"column":null}},"41":{"start":{"line":183,"column":16},"end":{"line":183,"column":null}},"42":{"start":{"line":185,"column":17},"end":{"line":194,"column":null}},"43":{"start":{"line":195,"column":4},"end":{"line":195,"column":null}},"44":{"start":{"line":195,"column":12},"end":{"line":195,"column":null}},"45":{"start":{"line":196,"column":4},"end":{"line":196,"column":null}},"46":{"start":{"line":199,"column":2},"end":{"line":199,"column":null}},"47":{"start":{"line":225,"column":2},"end":{"line":233,"column":null}},"48":{"start":{"line":227,"column":16},"end":{"line":231,"column":null}},"49":{"start":{"line":232,"column":4},"end":{"line":232,"column":null}},"50":{"start":{"line":235,"column":2},"end":{"line":238,"column":null}},"51":{"start":{"line":237,"column":4},"end":{"line":237,"column":null}},"52":{"start":{"line":240,"column":16},"end":{"line":244,"column":null}},"53":{"start":{"line":245,"column":2},"end":{"line":245,"column":null}},"54":{"start":{"line":245,"column":12},"end":{"line":245,"column":null}},"55":{"start":{"line":247,"column":37},"end":{"line":281,"column":null}},"56":{"start":{"line":283,"column":14},"end":{"line":283,"column":null}},"57":{"start":{"line":284,"column":2},"end":{"line":284,"column":null}},"58":{"start":{"line":284,"column":21},"end":{"line":284,"column":null}},"59":{"start":{"line":284,"column":33},"end":{"line":284,"column":null}},"60":{"start":{"line":285,"column":2},"end":{"line":285,"column":null}},"61":{"start":{"line":285,"column":21},"end":{"line":285,"column":null}},"62":{"start":{"line":285,"column":33},"end":{"line":285,"column":null}},"63":{"start":{"line":286,"column":2},"end":{"line":286,"column":null}},"64":{"start":{"line":286,"column":22},"end":{"line":286,"column":null}},"65":{"start":{"line":286,"column":34},"end":{"line":286,"column":null}},"66":{"start":{"line":287,"column":2},"end":{"line":287,"column":null}},"67":{"start":{"line":287,"column":22},"end":{"line":287,"column":null}},"68":{"start":{"line":287,"column":34},"end":{"line":287,"column":null}},"69":{"start":{"line":288,"column":2},"end":{"line":288,"column":null}},"70":{"start":{"line":288,"column":22},"end":{"line":288,"column":null}},"71":{"start":{"line":288,"column":34},"end":{"line":288,"column":null}},"72":{"start":{"line":289,"column":2},"end":{"line":289,"column":null}},"73":{"start":{"line":289,"column":22},"end":{"line":289,"column":null}},"74":{"start":{"line":289,"column":34},"end":{"line":289,"column":null}},"75":{"start":{"line":290,"column":2},"end":{"line":290,"column":null}},"76":{"start":{"line":290,"column":22},"end":{"line":290,"column":null}},"77":{"start":{"line":290,"column":34},"end":{"line":290,"column":null}},"78":{"start":{"line":291,"column":2},"end":{"line":291,"column":null}},"79":{"start":{"line":305,"column":15},"end":{"line":315,"column":null}},"80":{"start":{"line":316,"column":2},"end":{"line":316,"column":null}},"81":{"start":{"line":316,"column":10},"end":{"line":316,"column":null}},"82":{"start":{"line":318,"column":17},"end":{"line":369,"column":null}},"83":{"start":{"line":370,"column":2},"end":{"line":370,"column":null}},"84":{"start":{"line":370,"column":28},"end":{"line":370,"column":45}},"85":{"start":{"line":382,"column":14},"end":{"line":386,"column":null}},"86":{"start":{"line":387,"column":2},"end":{"line":387,"column":null}},"87":{"start":{"line":387,"column":10},"end":{"line":387,"column":null}},"88":{"start":{"line":388,"column":17},"end":{"line":388,"column":null}},"89":{"start":{"line":389,"column":2},"end":{"line":389,"column":null}}},"fnMap":{"0":{"name":"getPatientForUser","decl":{"start":{"line":27,"column":22},"end":{"line":27,"column":40}},"loc":{"start":{"line":27,"column":65},"end":{"line":35,"column":null}},"line":27},"1":{"name":"canAccessPatient","decl":{"start":{"line":37,"column":22},"end":{"line":37,"column":null}},"loc":{"start":{"line":42,"column":65},"end":{"line":200,"column":null}},"line":42},"2":{"name":"accessiblePatientsFor","decl":{"start":{"line":220,"column":22},"end":{"line":220,"column":null}},"loc":{"start":{"line":224,"column":21},"end":{"line":292,"column":null}},"line":224},"3":{"name":"doctorHasPatient","decl":{"start":{"line":300,"column":22},"end":{"line":300,"column":null}},"loc":{"start":{"line":304,"column":20},"end":{"line":371,"column":null}},"line":304},"4":{"name":"(anonymous_4)","decl":{"start":{"line":370,"column":16},"end":{"line":370,"column":22}},"loc":{"start":{"line":370,"column":28},"end":{"line":370,"column":45}},"line":370},"5":{"name":"canAccessRecord","decl":{"start":{"line":376,"column":22},"end":{"line":376,"column":null}},"loc":{"start":{"line":381,"column":64},"end":{"line":390,"column":null}},"line":381}},"branchMap":{"0":{"loc":{"start":{"line":34,"column":9},"end":{"line":34,"column":null}},"type":"binary-expr","locations":[{"start":{"line":34,"column":9},"end":{"line":34,"column":16}},{"start":{"line":34,"column":16},"end":{"line":34,"column":null}}],"line":34},"1":{"loc":{"start":{"line":43,"column":2},"end":{"line":45,"column":null}},"type":"if","locations":[{"start":{"line":43,"column":2},"end":{"line":45,"column":null}},{"start":{},"end":{}}],"line":43},"2":{"loc":{"start":{"line":47,"column":2},"end":{"line":47,"column":null}},"type":"if","locations":[{"start":{"line":47,"column":2},"end":{"line":47,"column":null}},{"start":{},"end":{}}],"line":47},"3":{"loc":{"start":{"line":50,"column":2},"end":{"line":52,"column":null}},"type":"if","locations":[{"start":{"line":50,"column":2},"end":{"line":52,"column":null}},{"start":{},"end":{}}],"line":50},"4":{"loc":{"start":{"line":54,"column":2},"end":{"line":172,"column":null}},"type":"if","locations":[{"start":{"line":54,"column":2},"end":{"line":172,"column":null}},{"start":{},"end":{}}],"line":54},"5":{"loc":{"start":{"line":61,"column":4},"end":{"line":61,"column":null}},"type":"if","locations":[{"start":{"line":61,"column":4},"end":{"line":61,"column":null}},{"start":{},"end":{}}],"line":61},"6":{"loc":{"start":{"line":81,"column":4},"end":{"line":81,"column":null}},"type":"if","locations":[{"start":{"line":81,"column":4},"end":{"line":81,"column":null}},{"start":{},"end":{}}],"line":81},"7":{"loc":{"start":{"line":94,"column":4},"end":{"line":94,"column":null}},"type":"if","locations":[{"start":{"line":94,"column":4},"end":{"line":94,"column":null}},{"start":{},"end":{}}],"line":94},"8":{"loc":{"start":{"line":106,"column":4},"end":{"line":106,"column":null}},"type":"if","locations":[{"start":{"line":106,"column":4},"end":{"line":106,"column":null}},{"start":{},"end":{}}],"line":106},"9":{"loc":{"start":{"line":115,"column":4},"end":{"line":115,"column":null}},"type":"if","locations":[{"start":{"line":115,"column":4},"end":{"line":115,"column":null}},{"start":{},"end":{}}],"line":115},"10":{"loc":{"start":{"line":127,"column":4},"end":{"line":127,"column":null}},"type":"if","locations":[{"start":{"line":127,"column":4},"end":{"line":127,"column":null}},{"start":{},"end":{}}],"line":127},"11":{"loc":{"start":{"line":140,"column":4},"end":{"line":140,"column":null}},"type":"if","locations":[{"start":{"line":140,"column":4},"end":{"line":140,"column":null}},{"start":{},"end":{}}],"line":140},"12":{"loc":{"start":{"line":153,"column":4},"end":{"line":153,"column":null}},"type":"if","locations":[{"start":{"line":153,"column":4},"end":{"line":153,"column":null}},{"start":{},"end":{}}],"line":153},"13":{"loc":{"start":{"line":169,"column":4},"end":{"line":169,"column":null}},"type":"if","locations":[{"start":{"line":169,"column":4},"end":{"line":169,"column":null}},{"start":{},"end":{}}],"line":169},"14":{"loc":{"start":{"line":174,"column":2},"end":{"line":197,"column":null}},"type":"if","locations":[{"start":{"line":174,"column":2},"end":{"line":197,"column":null}},{"start":{},"end":{}}],"line":174},"15":{"loc":{"start":{"line":174,"column":6},"end":{"line":174,"column":62}},"type":"binary-expr","locations":[{"start":{"line":174,"column":6},"end":{"line":174,"column":35}},{"start":{"line":174,"column":35},"end":{"line":174,"column":62}}],"line":174},"16":{"loc":{"start":{"line":183,"column":4},"end":{"line":183,"column":null}},"type":"if","locations":[{"start":{"line":183,"column":4},"end":{"line":183,"column":null}},{"start":{},"end":{}}],"line":183},"17":{"loc":{"start":{"line":195,"column":4},"end":{"line":195,"column":null}},"type":"if","locations":[{"start":{"line":195,"column":4},"end":{"line":195,"column":null}},{"start":{},"end":{}}],"line":195},"18":{"loc":{"start":{"line":225,"column":2},"end":{"line":233,"column":null}},"type":"if","locations":[{"start":{"line":225,"column":2},"end":{"line":233,"column":null}},{"start":{},"end":{}}],"line":225},"19":{"loc":{"start":{"line":232,"column":11},"end":{"line":232,"column":null}},"type":"cond-expr","locations":[{"start":{"line":232,"column":15},"end":{"line":232,"column":24}},{"start":{"line":232,"column":24},"end":{"line":232,"column":null}}],"line":232},"20":{"loc":{"start":{"line":235,"column":2},"end":{"line":238,"column":null}},"type":"if","locations":[{"start":{"line":235,"column":2},"end":{"line":238,"column":null}},{"start":{},"end":{}}],"line":235},"21":{"loc":{"start":{"line":245,"column":2},"end":{"line":245,"column":null}},"type":"if","locations":[{"start":{"line":245,"column":2},"end":{"line":245,"column":null}},{"start":{},"end":{}}],"line":245},"22":{"loc":{"start":{"line":284,"column":21},"end":{"line":284,"column":null}},"type":"if","locations":[{"start":{"line":284,"column":21},"end":{"line":284,"column":null}},{"start":{},"end":{}}],"line":284},"23":{"loc":{"start":{"line":285,"column":21},"end":{"line":285,"column":null}},"type":"if","locations":[{"start":{"line":285,"column":21},"end":{"line":285,"column":null}},{"start":{},"end":{}}],"line":285},"24":{"loc":{"start":{"line":286,"column":22},"end":{"line":286,"column":null}},"type":"if","locations":[{"start":{"line":286,"column":22},"end":{"line":286,"column":null}},{"start":{},"end":{}}],"line":286},"25":{"loc":{"start":{"line":287,"column":22},"end":{"line":287,"column":null}},"type":"if","locations":[{"start":{"line":287,"column":22},"end":{"line":287,"column":null}},{"start":{},"end":{}}],"line":287},"26":{"loc":{"start":{"line":288,"column":22},"end":{"line":288,"column":null}},"type":"if","locations":[{"start":{"line":288,"column":22},"end":{"line":288,"column":null}},{"start":{},"end":{}}],"line":288},"27":{"loc":{"start":{"line":289,"column":22},"end":{"line":289,"column":null}},"type":"if","locations":[{"start":{"line":289,"column":22},"end":{"line":289,"column":null}},{"start":{},"end":{}}],"line":289},"28":{"loc":{"start":{"line":290,"column":22},"end":{"line":290,"column":null}},"type":"if","locations":[{"start":{"line":290,"column":22},"end":{"line":290,"column":null}},{"start":{},"end":{}}],"line":290},"29":{"loc":{"start":{"line":316,"column":2},"end":{"line":316,"column":null}},"type":"if","locations":[{"start":{"line":316,"column":2},"end":{"line":316,"column":null}},{"start":{},"end":{}}],"line":316},"30":{"loc":{"start":{"line":370,"column":28},"end":{"line":370,"column":45}},"type":"binary-expr","locations":[{"start":{"line":370,"column":28},"end":{"line":370,"column":33}},{"start":{"line":370,"column":33},"end":{"line":370,"column":45}}],"line":370},"31":{"loc":{"start":{"line":387,"column":2},"end":{"line":387,"column":null}},"type":"if","locations":[{"start":{"line":387,"column":2},"end":{"line":387,"column":null}},{"start":{},"end":{}}],"line":387}},"s":{"0":0,"1":0,"2":12,"3":0,"4":12,"5":12,"6":0,"7":12,"8":1,"9":11,"10":8,"11":8,"12":1,"13":7,"14":7,"15":1,"16":6,"17":6,"18":1,"19":5,"20":5,"21":1,"22":4,"23":4,"24":0,"25":4,"26":4,"27":1,"28":3,"29":3,"30":0,"31":3,"32":3,"33":0,"34":3,"35":3,"36":0,"37":3,"38":3,"39":2,"40":2,"41":0,"42":2,"43":2,"44":1,"45":1,"46":1,"47":4,"48":1,"49":1,"50":3,"51":1,"52":2,"53":2,"54":0,"55":2,"56":2,"57":2,"58":1,"59":1,"60":2,"61":2,"62":1,"63":2,"64":2,"65":0,"66":2,"67":2,"68":0,"69":2,"70":2,"71":1,"72":2,"73":2,"74":0,"75":2,"76":2,"77":2,"78":2,"79":0,"80":0,"81":0,"82":0,"83":0,"84":0,"85":0,"86":0,"87":0,"88":0,"89":0},"f":{"0":0,"1":12,"2":4,"3":0,"4":0,"5":0},"b":{"0":[0,0],"1":[0,12],"2":[0,12],"3":[1,11],"4":[8,3],"5":[1,7],"6":[1,6],"7":[1,5],"8":[1,4],"9":[0,4],"10":[1,3],"11":[0,3],"12":[0,3],"13":[0,3],"14":[2,1],"15":[3,3],"16":[0,2],"17":[1,1],"18":[1,3],"19":[1,0],"20":[1,2],"21":[0,2],"22":[1,0],"23":[1,1],"24":[0,2],"25":[0,2],"26":[1,1],"27":[0,2],"28":[2,0],"29":[0,0],"30":[0,0],"31":[0,0]},"meta":{"lastBranch":32,"lastFunction":6,"lastStatement":90,"seen":{"f:27:22:27:40":0,"s:28:16:33:Infinity":0,"s:34:2:34:Infinity":1,"b:34:9:34:16:34:16:34:Infinity":0,"f:37:22:37:Infinity":1,"b:43:2:45:Infinity:undefined:undefined:undefined:undefined":1,"s:43:2:45:Infinity":2,"s:44:4:44:Infinity":3,"s:46:14:46:Infinity":4,"b:47:2:47:Infinity:undefined:undefined:undefined:undefined":2,"s:47:2:47:Infinity":5,"s:47:10:47:Infinity":6,"b:50:2:52:Infinity:undefined:undefined:undefined:undefined":3,"s:50:2:52:Infinity":7,"s:51:4:51:Infinity":8,"b:54:2:172:Infinity:undefined:undefined:undefined:undefined":4,"s:54:2:172:Infinity":9,"s:56:18:60:Infinity":10,"b:61:4:61:Infinity:undefined:undefined:undefined:undefined":5,"s:61:4:61:Infinity":11,"s:61:14:61:Infinity":12,"s:70:18:80:Infinity":13,"b:81:4:81:Infinity:undefined:undefined:undefined:undefined":6,"s:81:4:81:Infinity":14,"s:81:13:81:Infinity":15,"s:84:16:93:Infinity":16,"b:94:4:94:Infinity:undefined:undefined:undefined:undefined":7,"s:94:4:94:Infinity":17,"s:94:11:94:Infinity":18,"s:96:16:105:Infinity":19,"b:106:4:106:Infinity:undefined:undefined:undefined:undefined":8,"s:106:4:106:Infinity":20,"s:106:11:106:Infinity":21,"s:108:17:114:Infinity":22,"b:115:4:115:Infinity:undefined:undefined:undefined:undefined":9,"s:115:4:115:Infinity":23,"s:115:12:115:Infinity":24,"s:117:17:126:Infinity":25,"b:127:4:127:Infinity:undefined:undefined:undefined:undefined":10,"s:127:4:127:Infinity":26,"s:127:12:127:Infinity":27,"s:130:17:139:Infinity":28,"b:140:4:140:Infinity:undefined:undefined:undefined:undefined":11,"s:140:4:140:Infinity":29,"s:140:12:140:Infinity":30,"s:143:17:152:Infinity":31,"b:153:4:153:Infinity:undefined:undefined:undefined:undefined":12,"s:153:4:153:Infinity":32,"s:153:12:153:Infinity":33,"s:157:17:168:Infinity":34,"b:169:4:169:Infinity:undefined:undefined:undefined:undefined":13,"s:169:4:169:Infinity":35,"s:169:12:169:Infinity":36,"s:171:4:171:Infinity":37,"b:174:2:197:Infinity:undefined:undefined:undefined:undefined":14,"s:174:2:197:Infinity":38,"b:174:6:174:35:174:35:174:62":15,"s:178:20:182:Infinity":39,"b:183:4:183:Infinity:undefined:undefined:undefined:undefined":16,"s:183:4:183:Infinity":40,"s:183:16:183:Infinity":41,"s:185:17:194:Infinity":42,"b:195:4:195:Infinity:undefined:undefined:undefined:undefined":17,"s:195:4:195:Infinity":43,"s:195:12:195:Infinity":44,"s:196:4:196:Infinity":45,"s:199:2:199:Infinity":46,"f:220:22:220:Infinity":2,"b:225:2:233:Infinity:undefined:undefined:undefined:undefined":18,"s:225:2:233:Infinity":47,"s:227:16:231:Infinity":48,"s:232:4:232:Infinity":49,"b:232:15:232:24:232:24:232:Infinity":19,"b:235:2:238:Infinity:undefined:undefined:undefined:undefined":20,"s:235:2:238:Infinity":50,"s:237:4:237:Infinity":51,"s:240:16:244:Infinity":52,"b:245:2:245:Infinity:undefined:undefined:undefined:undefined":21,"s:245:2:245:Infinity":53,"s:245:12:245:Infinity":54,"s:247:37:281:Infinity":55,"s:283:14:283:Infinity":56,"s:284:2:284:Infinity":57,"b:284:21:284:Infinity:undefined:undefined:undefined:undefined":22,"s:284:21:284:Infinity":58,"s:284:33:284:Infinity":59,"s:285:2:285:Infinity":60,"b:285:21:285:Infinity:undefined:undefined:undefined:undefined":23,"s:285:21:285:Infinity":61,"s:285:33:285:Infinity":62,"s:286:2:286:Infinity":63,"b:286:22:286:Infinity:undefined:undefined:undefined:undefined":24,"s:286:22:286:Infinity":64,"s:286:34:286:Infinity":65,"s:287:2:287:Infinity":66,"b:287:22:287:Infinity:undefined:undefined:undefined:undefined":25,"s:287:22:287:Infinity":67,"s:287:34:287:Infinity":68,"s:288:2:288:Infinity":69,"b:288:22:288:Infinity:undefined:undefined:undefined:undefined":26,"s:288:22:288:Infinity":70,"s:288:34:288:Infinity":71,"s:289:2:289:Infinity":72,"b:289:22:289:Infinity:undefined:undefined:undefined:undefined":27,"s:289:22:289:Infinity":73,"s:289:34:289:Infinity":74,"s:290:2:290:Infinity":75,"b:290:22:290:Infinity:undefined:undefined:undefined:undefined":28,"s:290:22:290:Infinity":76,"s:290:34:290:Infinity":77,"s:291:2:291:Infinity":78,"f:300:22:300:Infinity":3,"s:305:15:315:Infinity":79,"b:316:2:316:Infinity:undefined:undefined:undefined:undefined":29,"s:316:2:316:Infinity":80,"s:316:10:316:Infinity":81,"s:318:17:369:Infinity":82,"s:370:2:370:Infinity":83,"f:370:16:370:22":4,"s:370:28:370:45":84,"b:370:28:370:33:370:33:370:45":30,"f:376:22:376:Infinity":5,"s:382:14:386:Infinity":85,"b:387:2:387:Infinity:undefined:undefined:undefined:undefined":31,"s:387:2:387:Infinity":86,"s:387:10:387:Infinity":87,"s:388:17:388:Infinity":88,"s:389:2:389:Infinity":89},"fnNames":{}}}
,"/Users/thufailahamed/Downloads/App-2/apps/api/src/lib/audit.ts": {"path":"/Users/thufailahamed/Downloads/App-2/apps/api/src/lib/audit.ts","statementMap":{"0":{"start":{"line":17,"column":2},"end":{"line":28,"column":null}},"1":{"start":{"line":18,"column":4},"end":{"line":25,"column":null}},"2":{"start":{"line":27,"column":4},"end":{"line":27,"column":null}}},"fnMap":{"0":{"name":"audit","decl":{"start":{"line":16,"column":22},"end":{"line":16,"column":28}},"loc":{"start":{"line":16,"column":71},"end":{"line":29,"column":null}},"line":16}},"branchMap":{"0":{"loc":{"start":{"line":19,"column":14},"end":{"line":19,"column":null}},"type":"binary-expr","locations":[{"start":{"line":19,"column":14},"end":{"line":19,"column":30}},{"start":{"line":19,"column":30},"end":{"line":19,"column":null}}],"line":19},"1":{"loc":{"start":{"line":22,"column":18},"end":{"line":22,"column":null}},"type":"binary-expr","locations":[{"start":{"line":22,"column":18},"end":{"line":22,"column":38}},{"start":{"line":22,"column":38},"end":{"line":22,"column":null}}],"line":22},"2":{"loc":{"start":{"line":23,"column":15},"end":{"line":23,"column":null}},"type":"cond-expr","locations":[{"start":{"line":23,"column":31},"end":{"line":23,"column":63}},{"start":{"line":23,"column":63},"end":{"line":23,"column":null}}],"line":23},"3":{"loc":{"start":{"line":24,"column":10},"end":{"line":24,"column":null}},"type":"binary-expr","locations":[{"start":{"line":24,"column":10},"end":{"line":24,"column":22}},{"start":{"line":24,"column":22},"end":{"line":24,"column":null}}],"line":24}},"s":{"0":5,"1":5,"2":0},"f":{"0":5},"b":{"0":[5,5],"1":[5,5],"2":[0,5],"3":[5,5]},"meta":{"lastBranch":4,"lastFunction":1,"lastStatement":3,"seen":{"f:16:22:16:28":0,"s:17:2:28:Infinity":0,"s:18:4:25:Infinity":1,"b:19:14:19:30:19:30:19:Infinity":0,"b:22:18:22:38:22:38:22:Infinity":1,"b:23:31:23:63:23:63:23:Infinity":2,"b:24:10:24:22:24:22:24:Infinity":3,"s:27:4:27:Infinity":2},"fnNames":{}}}
,"/Users/thufailahamed/Downloads/App-2/apps/api/src/lib/crypto.ts": {"path":"/Users/thufailahamed/Downloads/App-2/apps/api/src/lib/crypto.ts","statementMap":{"0":{"start":{"line":8,"column":21},"end":{"line":8,"column":null}},"1":{"start":{"line":9,"column":15},"end":{"line":9,"column":null}},"2":{"start":{"line":10,"column":18},"end":{"line":12,"column":null}},"3":{"start":{"line":11,"column":16},"end":{"line":11,"column":47}},"4":{"start":{"line":14,"column":18},"end":{"line":20,"column":null}},"5":{"start":{"line":22,"column":22},"end":{"line":31,"column":null}},"6":{"start":{"line":33,"column":18},"end":{"line":35,"column":null}},"7":{"start":{"line":34,"column":16},"end":{"line":34,"column":47}},"8":{"start":{"line":37,"column":2},"end":{"line":37,"column":null}},"9":{"start":{"line":44,"column":2},"end":{"line":46,"column":null}},"10":{"start":{"line":45,"column":4},"end":{"line":45,"column":null}},"11":{"start":{"line":48,"column":16},"end":{"line":48,"column":null}},"12":{"start":{"line":49,"column":2},"end":{"line":51,"column":null}},"13":{"start":{"line":50,"column":4},"end":{"line":50,"column":null}},"14":{"start":{"line":53,"column":21},"end":{"line":53,"column":null}},"15":{"start":{"line":54,"column":18},"end":{"line":54,"column":null}},"16":{"start":{"line":55,"column":18},"end":{"line":55,"column":null}},"17":{"start":{"line":57,"column":15},"end":{"line":59,"column":null}},"18":{"start":{"line":58,"column":44},"end":{"line":58,"column":62}},"19":{"start":{"line":61,"column":18},"end":{"line":67,"column":null}},"20":{"start":{"line":69,"column":22},"end":{"line":78,"column":null}},"21":{"start":{"line":80,"column":25},"end":{"line":82,"column":null}},"22":{"start":{"line":81,"column":16},"end":{"line":81,"column":47}},"23":{"start":{"line":84,"column":2},"end":{"line":84,"column":null}},"24":{"start":{"line":100,"column":18},"end":{"line":104,"column":null}},"25":{"start":{"line":105,"column":2},"end":{"line":105,"column":null}},"26":{"start":{"line":112,"column":2},"end":{"line":116,"column":null}},"27":{"start":{"line":113,"column":4},"end":{"line":113,"column":null}},"28":{"start":{"line":115,"column":4},"end":{"line":115,"column":null}},"29":{"start":{"line":123,"column":26},"end":{"line":123,"column":null}},"30":{"start":{"line":124,"column":26},"end":{"line":124,"column":null}},"31":{"start":{"line":128,"column":15},"end":{"line":128,"column":null}},"32":{"start":{"line":129,"column":18},"end":{"line":131,"column":null}},"33":{"start":{"line":130,"column":16},"end":{"line":130,"column":47}},"34":{"start":{"line":133,"column":18},"end":{"line":139,"column":null}},"35":{"start":{"line":140,"column":22},"end":{"line":149,"column":null}},"36":{"start":{"line":150,"column":18},"end":{"line":152,"column":null}},"37":{"start":{"line":151,"column":16},"end":{"line":151,"column":47}},"38":{"start":{"line":153,"column":2},"end":{"line":153,"column":null}},"39":{"start":{"line":161,"column":2},"end":{"line":161,"column":null}},"40":{"start":{"line":161,"column":57},"end":{"line":161,"column":null}},"41":{"start":{"line":162,"column":16},"end":{"line":162,"column":null}},"42":{"start":{"line":163,"column":2},"end":{"line":163,"column":null}},"43":{"start":{"line":163,"column":26},"end":{"line":163,"column":null}},"44":{"start":{"line":164,"column":21},"end":{"line":164,"column":null}},"45":{"start":{"line":165,"column":18},"end":{"line":165,"column":null}},"46":{"start":{"line":166,"column":18},"end":{"line":166,"column":null}},"47":{"start":{"line":168,"column":15},"end":{"line":170,"column":null}},"48":{"start":{"line":169,"column":41},"end":{"line":169,"column":56}},"49":{"start":{"line":171,"column":18},"end":{"line":177,"column":null}},"50":{"start":{"line":178,"column":22},"end":{"line":182,"column":null}},"51":{"start":{"line":183,"column":18},"end":{"line":185,"column":null}},"52":{"start":{"line":184,"column":16},"end":{"line":184,"column":47}},"53":{"start":{"line":186,"column":2},"end":{"line":186,"column":null}},"54":{"start":{"line":191,"column":12},"end":{"line":191,"column":null}},"55":{"start":{"line":192,"column":2},"end":{"line":192,"column":null}},"56":{"start":{"line":197,"column":2},"end":{"line":207,"column":null}},"57":{"start":{"line":198,"column":28},"end":{"line":198,"column":null}},"58":{"start":{"line":200,"column":6},"end":{"line":200,"column":null}},"59":{"start":{"line":201,"column":19},"end":{"line":201,"column":null}},"60":{"start":{"line":202,"column":16},"end":{"line":202,"column":null}},"61":{"start":{"line":203,"column":14},"end":{"line":203,"column":null}},"62":{"start":{"line":205,"column":6},"end":{"line":205,"column":null}},"63":{"start":{"line":206,"column":4},"end":{"line":206,"column":null}},"64":{"start":{"line":208,"column":2},"end":{"line":208,"column":null}},"65":{"start":{"line":208,"column":26},"end":{"line":208,"column":null}},"66":{"start":{"line":209,"column":2},"end":{"line":209,"column":null}}},"fnMap":{"0":{"name":"hashPassword","decl":{"start":{"line":7,"column":22},"end":{"line":7,"column":35}},"loc":{"start":{"line":7,"column":70},"end":{"line":38,"column":null}},"line":7},"1":{"name":"(anonymous_1)","decl":{"start":{"line":11,"column":5},"end":{"line":11,"column":10}},"loc":{"start":{"line":11,"column":16},"end":{"line":11,"column":47}},"line":11},"2":{"name":"(anonymous_2)","decl":{"start":{"line":34,"column":5},"end":{"line":34,"column":10}},"loc":{"start":{"line":34,"column":16},"end":{"line":34,"column":47}},"line":34},"3":{"name":"verifyPassword","decl":{"start":{"line":43,"column":22},"end":{"line":43,"column":37}},"loc":{"start":{"line":43,"column":93},"end":{"line":85,"column":null}},"line":43},"4":{"name":"(anonymous_4)","decl":{"start":{"line":58,"column":30},"end":{"line":58,"column":35}},"loc":{"start":{"line":58,"column":44},"end":{"line":58,"column":62}},"line":58},"5":{"name":"(anonymous_5)","decl":{"start":{"line":81,"column":5},"end":{"line":81,"column":10}},"loc":{"start":{"line":81,"column":16},"end":{"line":81,"column":47}},"line":81},"6":{"name":"generateToken","decl":{"start":{"line":95,"column":22},"end":{"line":95,"column":null}},"loc":{"start":{"line":99,"column":19},"end":{"line":106,"column":null}},"line":99},"7":{"name":"verifyToken","decl":{"start":{"line":111,"column":22},"end":{"line":111,"column":34}},"loc":{"start":{"line":111,"column":79},"end":{"line":117,"column":null}},"line":111},"8":{"name":"hashSecret","decl":{"start":{"line":127,"column":22},"end":{"line":127,"column":33}},"loc":{"start":{"line":127,"column":66},"end":{"line":154,"column":null}},"line":127},"9":{"name":"(anonymous_9)","decl":{"start":{"line":130,"column":5},"end":{"line":130,"column":10}},"loc":{"start":{"line":130,"column":16},"end":{"line":130,"column":47}},"line":130},"10":{"name":"(anonymous_10)","decl":{"start":{"line":151,"column":5},"end":{"line":151,"column":10}},"loc":{"start":{"line":151,"column":16},"end":{"line":151,"column":47}},"line":151},"11":{"name":"verifySecret","decl":{"start":{"line":157,"column":22},"end":{"line":157,"column":null}},"loc":{"start":{"line":160,"column":20},"end":{"line":187,"column":null}},"line":160},"12":{"name":"(anonymous_12)","decl":{"start":{"line":169,"column":30},"end":{"line":169,"column":35}},"loc":{"start":{"line":169,"column":41},"end":{"line":169,"column":56}},"line":169},"13":{"name":"(anonymous_13)","decl":{"start":{"line":184,"column":5},"end":{"line":184,"column":10}},"loc":{"start":{"line":184,"column":16},"end":{"line":184,"column":47}},"line":184},"14":{"name":"generateOtpCode","decl":{"start":{"line":190,"column":16},"end":{"line":190,"column":42}},"loc":{"start":{"line":190,"column":42},"end":{"line":193,"column":null}},"line":190},"15":{"name":"maskTarget","decl":{"start":{"line":196,"column":16},"end":{"line":196,"column":27}},"loc":{"start":{"line":196,"column":51},"end":{"line":210,"column":null}},"line":196}},"branchMap":{"0":{"loc":{"start":{"line":44,"column":2},"end":{"line":46,"column":null}},"type":"if","locations":[{"start":{"line":44,"column":2},"end":{"line":46,"column":null}},{"start":{},"end":{}}],"line":44},"1":{"loc":{"start":{"line":44,"column":6},"end":{"line":44,"column":56}},"type":"binary-expr","locations":[{"start":{"line":44,"column":6},"end":{"line":44,"column":21}},{"start":{"line":44,"column":21},"end":{"line":44,"column":56}}],"line":44},"2":{"loc":{"start":{"line":49,"column":2},"end":{"line":51,"column":null}},"type":"if","locations":[{"start":{"line":49,"column":2},"end":{"line":51,"column":null}},{"start":{},"end":{}}],"line":49},"3":{"loc":{"start":{"line":98,"column":2},"end":{"line":98,"column":null}},"type":"default-arg","locations":[{"start":{"line":98,"column":36},"end":{"line":98,"column":null}}],"line":98},"4":{"loc":{"start":{"line":161,"column":2},"end":{"line":161,"column":null}},"type":"if","locations":[{"start":{"line":161,"column":2},"end":{"line":161,"column":null}},{"start":{},"end":{}}],"line":161},"5":{"loc":{"start":{"line":161,"column":6},"end":{"line":161,"column":57}},"type":"binary-expr","locations":[{"start":{"line":161,"column":6},"end":{"line":161,"column":21}},{"start":{"line":161,"column":21},"end":{"line":161,"column":57}}],"line":161},"6":{"loc":{"start":{"line":163,"column":2},"end":{"line":163,"column":null}},"type":"if","locations":[{"start":{"line":163,"column":2},"end":{"line":163,"column":null}},{"start":{},"end":{}}],"line":163},"7":{"loc":{"start":{"line":197,"column":2},"end":{"line":207,"column":null}},"type":"if","locations":[{"start":{"line":197,"column":2},"end":{"line":207,"column":null}},{"start":{},"end":{}}],"line":197},"8":{"loc":{"start":{"line":200,"column":6},"end":{"line":200,"column":null}},"type":"cond-expr","locations":[{"start":{"line":200,"column":26},"end":{"line":200,"column":43}},{"start":{"line":200,"column":43},"end":{"line":200,"column":null}}],"line":200},"9":{"loc":{"start":{"line":202,"column":16},"end":{"line":202,"column":null}},"type":"cond-expr","locations":[{"start":{"line":202,"column":30},"end":{"line":202,"column":53}},{"start":{"line":202,"column":53},"end":{"line":202,"column":null}}],"line":202},"10":{"loc":{"start":{"line":203,"column":14},"end":{"line":203,"column":null}},"type":"cond-expr","locations":[{"start":{"line":203,"column":28},"end":{"line":203,"column":54}},{"start":{"line":203,"column":54},"end":{"line":203,"column":null}}],"line":203},"11":{"loc":{"start":{"line":205,"column":6},"end":{"line":205,"column":null}},"type":"cond-expr","locations":[{"start":{"line":205,"column":22},"end":{"line":205,"column":41}},{"start":{"line":205,"column":41},"end":{"line":205,"column":null}}],"line":205},"12":{"loc":{"start":{"line":208,"column":2},"end":{"line":208,"column":null}},"type":"if","locations":[{"start":{"line":208,"column":2},"end":{"line":208,"column":null}},{"start":{},"end":{}}],"line":208}},"s":{"0":0,"1":0,"2":0,"3":0,"4":0,"5":0,"6":0,"7":0,"8":0,"9":0,"10":0,"11":0,"12":0,"13":0,"14":0,"15":0,"16":0,"17":0,"18":0,"19":0,"20":0,"21":0,"22":0,"23":0,"24":0,"25":0,"26":16,"27":16,"28":0,"29":1,"30":1,"31":0,"32":0,"33":0,"34":0,"35":0,"36":0,"37":0,"38":0,"39":0,"40":0,"41":0,"42":0,"43":0,"44":0,"45":0,"46":0,"47":0,"48":0,"49":0,"50":0,"51":0,"52":0,"53":0,"54":0,"55":0,"56":0,"57":0,"58":0,"59":0,"60":0,"61":0,"62":0,"63":0,"64":0,"65":0,"66":0},"f":{"0":0,"1":0,"2":0,"3":0,"4":0,"5":0,"6":0,"7":16,"8":0,"9":0,"10":0,"11":0,"12":0,"13":0,"14":0,"15":0},"b":{"0":[0,0],"1":[0,0],"2":[0,0],"3":[0],"4":[0,0],"5":[0,0],"6":[0,0],"7":[0,0],"8":[0,0],"9":[0,0],"10":[0,0],"11":[0,0],"12":[0,0]},"meta":{"lastBranch":13,"lastFunction":16,"lastStatement":67,"seen":{"f:7:22:7:35":0,"s:8:21:8:Infinity":0,"s:9:15:9:Infinity":1,"s:10:18:12:Infinity":2,"f:11:5:11:10":1,"s:11:16:11:47":3,"s:14:18:20:Infinity":4,"s:22:22:31:Infinity":5,"s:33:18:35:Infinity":6,"f:34:5:34:10":2,"s:34:16:34:47":7,"s:37:2:37:Infinity":8,"f:43:22:43:37":3,"b:44:2:46:Infinity:undefined:undefined:undefined:undefined":0,"s:44:2:46:Infinity":9,"b:44:6:44:21:44:21:44:56":1,"s:45:4:45:Infinity":10,"s:48:16:48:Infinity":11,"b:49:2:51:Infinity:undefined:undefined:undefined:undefined":2,"s:49:2:51:Infinity":12,"s:50:4:50:Infinity":13,"s:53:21:53:Infinity":14,"s:54:18:54:Infinity":15,"s:55:18:55:Infinity":16,"s:57:15:59:Infinity":17,"f:58:30:58:35":4,"s:58:44:58:62":18,"s:61:18:67:Infinity":19,"s:69:22:78:Infinity":20,"s:80:25:82:Infinity":21,"f:81:5:81:10":5,"s:81:16:81:47":22,"s:84:2:84:Infinity":23,"f:95:22:95:Infinity":6,"b:98:36:98:Infinity":3,"s:100:18:104:Infinity":24,"s:105:2:105:Infinity":25,"f:111:22:111:34":7,"s:112:2:116:Infinity":26,"s:113:4:113:Infinity":27,"s:115:4:115:Infinity":28,"s:123:26:123:Infinity":29,"s:124:26:124:Infinity":30,"f:127:22:127:33":8,"s:128:15:128:Infinity":31,"s:129:18:131:Infinity":32,"f:130:5:130:10":9,"s:130:16:130:47":33,"s:133:18:139:Infinity":34,"s:140:22:149:Infinity":35,"s:150:18:152:Infinity":36,"f:151:5:151:10":10,"s:151:16:151:47":37,"s:153:2:153:Infinity":38,"f:157:22:157:Infinity":11,"b:161:2:161:Infinity:undefined:undefined:undefined:undefined":4,"s:161:2:161:Infinity":39,"b:161:6:161:21:161:21:161:57":5,"s:161:57:161:Infinity":40,"s:162:16:162:Infinity":41,"b:163:2:163:Infinity:undefined:undefined:undefined:undefined":6,"s:163:2:163:Infinity":42,"s:163:26:163:Infinity":43,"s:164:21:164:Infinity":44,"s:165:18:165:Infinity":45,"s:166:18:166:Infinity":46,"s:168:15:170:Infinity":47,"f:169:30:169:35":12,"s:169:41:169:56":48,"s:171:18:177:Infinity":49,"s:178:22:182:Infinity":50,"s:183:18:185:Infinity":51,"f:184:5:184:10":13,"s:184:16:184:47":52,"s:186:2:186:Infinity":53,"f:190:16:190:42":14,"s:191:12:191:Infinity":54,"s:192:2:192:Infinity":55,"f:196:16:196:27":15,"b:197:2:207:Infinity:undefined:undefined:undefined:undefined":7,"s:197:2:207:Infinity":56,"s:198:28:198:Infinity":57,"s:200:6:200:Infinity":58,"b:200:26:200:43:200:43:200:Infinity":8,"s:201:19:201:Infinity":59,"s:202:16:202:Infinity":60,"b:202:30:202:53:202:53:202:Infinity":9,"s:203:14:203:Infinity":61,"b:203:28:203:54:203:54:203:Infinity":10,"s:205:6:205:Infinity":62,"b:205:22:205:41:205:41:205:Infinity":11,"s:206:4:206:Infinity":63,"b:208:2:208:Infinity:undefined:undefined:undefined:undefined":12,"s:208:2:208:Infinity":64,"s:208:26:208:Infinity":65,"s:209:2:209:Infinity":66},"fnNames":{}}}
,"/Users/thufailahamed/Downloads/App-2/apps/api/src/lib/locale.ts": {"path":"/Users/thufailahamed/Downloads/App-2/apps/api/src/lib/locale.ts","statementMap":{"0":{"start":{"line":7,"column":52},"end":{"line":7,"column":null}},"1":{"start":{"line":9,"column":66},"end":{"line":13,"column":null}},"2":{"start":{"line":20,"column":2},"end":{"line":20,"column":null}},"3":{"start":{"line":20,"column":15},"end":{"line":20,"column":null}},"4":{"start":{"line":21,"column":18},"end":{"line":29,"column":null}},"5":{"start":{"line":24,"column":29},"end":{"line":24,"column":null}},"6":{"start":{"line":25,"column":20},"end":{"line":25,"column":null}},"7":{"start":{"line":25,"column":37},"end":{"line":25,"column":62}},"8":{"start":{"line":26,"column":16},"end":{"line":26,"column":null}},"9":{"start":{"line":27,"column":6},"end":{"line":27,"column":null}},"10":{"start":{"line":29,"column":20},"end":{"line":29,"column":29}},"11":{"start":{"line":31,"column":2},"end":{"line":36,"column":null}},"12":{"start":{"line":32,"column":20},"end":{"line":32,"column":null}},"13":{"start":{"line":33,"column":4},"end":{"line":35,"column":null}},"14":{"start":{"line":34,"column":6},"end":{"line":34,"column":null}},"15":{"start":{"line":37,"column":2},"end":{"line":37,"column":null}},"16":{"start":{"line":50,"column":16},"end":{"line":50,"column":null}},"17":{"start":{"line":51,"column":17},"end":{"line":51,"column":null}},"18":{"start":{"line":52,"column":2},"end":{"line":55,"column":null}},"19":{"start":{"line":53,"column":4},"end":{"line":54,"column":null}},"20":{"start":{"line":53,"column":52},"end":{"line":53,"column":null}},"21":{"start":{"line":54,"column":9},"end":{"line":54,"column":null}},"22":{"start":{"line":56,"column":2},"end":{"line":56,"column":null}}},"fnMap":{"0":{"name":"parseAcceptLanguage","decl":{"start":{"line":19,"column":16},"end":{"line":19,"column":36}},"loc":{"start":{"line":19,"column":79},"end":{"line":38,"column":null}},"line":19},"1":{"name":"(anonymous_1)","decl":{"start":{"line":23,"column":5},"end":{"line":23,"column":10}},"loc":{"start":{"line":23,"column":19},"end":{"line":28,"column":5}},"line":23},"2":{"name":"(anonymous_2)","decl":{"start":{"line":25,"column":25},"end":{"line":25,"column":31}},"loc":{"start":{"line":25,"column":37},"end":{"line":25,"column":62}},"line":25},"3":{"name":"(anonymous_3)","decl":{"start":{"line":29,"column":5},"end":{"line":29,"column":11}},"loc":{"start":{"line":29,"column":20},"end":{"line":29,"column":29}},"line":29},"4":{"name":"translate","decl":{"start":{"line":45,"column":16},"end":{"line":45,"column":null}},"loc":{"start":{"line":49,"column":10},"end":{"line":57,"column":null}},"line":49}},"branchMap":{"0":{"loc":{"start":{"line":20,"column":2},"end":{"line":20,"column":null}},"type":"if","locations":[{"start":{"line":20,"column":2},"end":{"line":20,"column":null}},{"start":{},"end":{}}],"line":20},"1":{"loc":{"start":{"line":26,"column":16},"end":{"line":26,"column":null}},"type":"cond-expr","locations":[{"start":{"line":26,"column":24},"end":{"line":26,"column":58}},{"start":{"line":26,"column":58},"end":{"line":26,"column":null}}],"line":26},"2":{"loc":{"start":{"line":27,"column":42},"end":{"line":27,"column":69}},"type":"cond-expr","locations":[{"start":{"line":27,"column":63},"end":{"line":27,"column":67}},{"start":{"line":27,"column":67},"end":{"line":27,"column":69}}],"line":27},"3":{"loc":{"start":{"line":33,"column":4},"end":{"line":35,"column":null}},"type":"if","locations":[{"start":{"line":33,"column":4},"end":{"line":35,"column":null}},{"start":{},"end":{}}],"line":33},"4":{"loc":{"start":{"line":53,"column":4},"end":{"line":54,"column":null}},"type":"if","locations":[{"start":{"line":53,"column":4},"end":{"line":54,"column":null}},{"start":{"line":54,"column":9},"end":{"line":54,"column":null}}],"line":53},"5":{"loc":{"start":{"line":53,"column":8},"end":{"line":53,"column":52}},"type":"binary-expr","locations":[{"start":{"line":53,"column":8},"end":{"line":53,"column":15}},{"start":{"line":53,"column":15},"end":{"line":53,"column":42}},{"start":{"line":53,"column":42},"end":{"line":53,"column":52}}],"line":53},"6":{"loc":{"start":{"line":56,"column":9},"end":{"line":56,"column":null}},"type":"cond-expr","locations":[{"start":{"line":56,"column":35},"end":{"line":56,"column":41}},{"start":{"line":56,"column":41},"end":{"line":56,"column":null}}],"line":56}},"s":{"0":1,"1":1,"2":0,"3":0,"4":0,"5":0,"6":0,"7":0,"8":0,"9":0,"10":0,"11":0,"12":0,"13":0,"14":0,"15":0,"16":0,"17":0,"18":0,"19":0,"20":0,"21":0,"22":0},"f":{"0":0,"1":0,"2":0,"3":0,"4":0},"b":{"0":[0,0],"1":[0,0],"2":[0,0],"3":[0,0],"4":[0,0],"5":[0,0,0],"6":[0,0]},"meta":{"lastBranch":7,"lastFunction":5,"lastStatement":23,"seen":{"s:7:52:7:Infinity":0,"s:9:66:13:Infinity":1,"f:19:16:19:36":0,"b:20:2:20:Infinity:undefined:undefined:undefined:undefined":0,"s:20:2:20:Infinity":2,"s:20:15:20:Infinity":3,"s:21:18:29:Infinity":4,"f:23:5:23:10":1,"s:24:29:24:Infinity":5,"s:25:20:25:Infinity":6,"f:25:25:25:31":2,"s:25:37:25:62":7,"s:26:16:26:Infinity":8,"b:26:24:26:58:26:58:26:Infinity":1,"s:27:6:27:Infinity":9,"b:27:63:27:67:27:67:27:69":2,"f:29:5:29:11":3,"s:29:20:29:29":10,"s:31:2:36:Infinity":11,"s:32:20:32:Infinity":12,"b:33:4:35:Infinity:undefined:undefined:undefined:undefined":3,"s:33:4:35:Infinity":13,"s:34:6:34:Infinity":14,"s:37:2:37:Infinity":15,"f:45:16:45:Infinity":4,"s:50:16:50:Infinity":16,"s:51:17:51:Infinity":17,"s:52:2:55:Infinity":18,"b:53:4:54:Infinity:54:9:54:Infinity":4,"s:53:4:54:Infinity":19,"b:53:8:53:15:53:15:53:42:53:42:53:52":5,"s:53:52:53:Infinity":20,"s:54:9:54:Infinity":21,"s:56:2:56:Infinity":22,"b:56:35:56:41:56:41:56:Infinity":6},"fnNames":{}}}
,"/Users/thufailahamed/Downloads/App-2/apps/api/src/lib/notifications.ts": {"path":"/Users/thufailahamed/Downloads/App-2/apps/api/src/lib/notifications.ts","statementMap":{"0":{"start":{"line":9,"column":22},"end":{"line":9,"column":null}},"1":{"start":{"line":38,"column":61},"end":{"line":38,"column":null}},"2":{"start":{"line":41,"column":14},"end":{"line":41,"column":null}},"3":{"start":{"line":42,"column":13},"end":{"line":42,"column":null}},"4":{"start":{"line":43,"column":2},"end":{"line":64,"column":null}},"5":{"start":{"line":44,"column":19},"end":{"line":53,"column":null}},"6":{"start":{"line":54,"column":4},"end":{"line":59,"column":null}},"7":{"start":{"line":55,"column":6},"end":{"line":55,"column":null}},"8":{"start":{"line":56,"column":6},"end":{"line":56,"column":null}},"9":{"start":{"line":57,"column":11},"end":{"line":59,"column":null}},"10":{"start":{"line":58,"column":6},"end":{"line":58,"column":null}},"11":{"start":{"line":62,"column":4},"end":{"line":62,"column":null}},"12":{"start":{"line":63,"column":4},"end":{"line":63,"column":null}},"13":{"start":{"line":67,"column":2},"end":{"line":79,"column":null}},"14":{"start":{"line":68,"column":4},"end":{"line":78,"column":null}},"15":{"start":{"line":69,"column":6},"end":{"line":75,"column":null}},"16":{"start":{"line":77,"column":6},"end":{"line":77,"column":null}},"17":{"start":{"line":82,"column":2},"end":{"line":101,"column":null}},"18":{"start":{"line":83,"column":4},"end":{"line":100,"column":null}},"19":{"start":{"line":84,"column":21},"end":{"line":87,"column":null}},"20":{"start":{"line":88,"column":6},"end":{"line":88,"column":null}},"21":{"start":{"line":88,"column":31},"end":{"line":88,"column":null}},"22":{"start":{"line":89,"column":6},"end":{"line":97,"column":null}},"23":{"start":{"line":90,"column":32},"end":{"line":96,"column":10}},"24":{"start":{"line":99,"column":6},"end":{"line":99,"column":null}},"25":{"start":{"line":106,"column":2},"end":{"line":120,"column":null}},"26":{"start":{"line":106,"column":15},"end":{"line":106,"column":18}},"27":{"start":{"line":107,"column":18},"end":{"line":107,"column":null}},"28":{"start":{"line":108,"column":4},"end":{"line":119,"column":null}},"29":{"start":{"line":109,"column":6},"end":{"line":116,"column":null}},"30":{"start":{"line":118,"column":6},"end":{"line":118,"column":null}}},"fnMap":{"0":{"name":"notify","decl":{"start":{"line":37,"column":22},"end":{"line":37,"column":29}},"loc":{"start":{"line":37,"column":64},"end":{"line":102,"column":null}},"line":37},"1":{"name":"(anonymous_1)","decl":{"start":{"line":90,"column":15},"end":{"line":90,"column":20}},"loc":{"start":{"line":90,"column":32},"end":{"line":96,"column":10}},"line":90},"2":{"name":"sendExpoPush","decl":{"start":{"line":104,"column":15},"end":{"line":104,"column":28}},"loc":{"start":{"line":104,"column":60},"end":{"line":121,"column":null}},"line":104}},"branchMap":{"0":{"loc":{"start":{"line":54,"column":4},"end":{"line":59,"column":null}},"type":"if","locations":[{"start":{"line":54,"column":4},"end":{"line":59,"column":null}},{"start":{"line":57,"column":11},"end":{"line":59,"column":null}}],"line":54},"1":{"loc":{"start":{"line":56,"column":13},"end":{"line":56,"column":null}},"type":"binary-expr","locations":[{"start":{"line":56,"column":13},"end":{"line":56,"column":22}},{"start":{"line":56,"column":22},"end":{"line":56,"column":null}}],"line":56},"2":{"loc":{"start":{"line":57,"column":11},"end":{"line":59,"column":null}},"type":"if","locations":[{"start":{"line":57,"column":11},"end":{"line":59,"column":null}},{"start":{},"end":{}}],"line":57},"3":{"loc":{"start":{"line":63,"column":11},"end":{"line":63,"column":null}},"type":"cond-expr","locations":[{"start":{"line":63,"column":25},"end":{"line":63,"column":32}},{"start":{"line":63,"column":32},"end":{"line":63,"column":null}}],"line":63},"4":{"loc":{"start":{"line":67,"column":2},"end":{"line":79,"column":null}},"type":"if","locations":[{"start":{"line":67,"column":2},"end":{"line":79,"column":null}},{"start":{},"end":{}}],"line":67},"5":{"loc":{"start":{"line":74,"column":14},"end":{"line":74,"column":null}},"type":"cond-expr","locations":[{"start":{"line":74,"column":21},"end":{"line":74,"column":44}},{"start":{"line":74,"column":44},"end":{"line":74,"column":null}}],"line":74},"6":{"loc":{"start":{"line":82,"column":2},"end":{"line":101,"column":null}},"type":"if","locations":[{"start":{"line":82,"column":2},"end":{"line":101,"column":null}},{"start":{},"end":{}}],"line":82},"7":{"loc":{"start":{"line":88,"column":6},"end":{"line":88,"column":null}},"type":"if","locations":[{"start":{"line":88,"column":6},"end":{"line":88,"column":null}},{"start":{},"end":{}}],"line":88},"8":{"loc":{"start":{"line":94,"column":16},"end":{"line":94,"column":null}},"type":"binary-expr","locations":[{"start":{"line":94,"column":16},"end":{"line":94,"column":24}},{"start":{"line":94,"column":24},"end":{"line":94,"column":null}}],"line":94}},"s":{"0":1,"1":2,"2":2,"3":2,"4":2,"5":2,"6":0,"7":0,"8":0,"9":0,"10":0,"11":2,"12":2,"13":2,"14":2,"15":2,"16":2,"17":2,"18":2,"19":2,"20":0,"21":0,"22":0,"23":0,"24":2,"25":0,"26":0,"27":0,"28":0,"29":0,"30":0},"f":{"0":2,"1":0,"2":0},"b":{"0":[0,0],"1":[0,0],"2":[0,0],"3":[0,2],"4":[2,0],"5":[0,0],"6":[2,0],"7":[0,0],"8":[0,0]},"meta":{"lastBranch":9,"lastFunction":3,"lastStatement":31,"seen":{"s:9:22:9:Infinity":0,"f:37:22:37:29":0,"s:38:61:38:Infinity":1,"s:41:14:41:Infinity":2,"s:42:13:42:Infinity":3,"s:43:2:64:Infinity":4,"s:44:19:53:Infinity":5,"b:54:4:59:Infinity:57:11:59:Infinity":0,"s:54:4:59:Infinity":6,"s:55:6:55:Infinity":7,"s:56:6:56:Infinity":8,"b:56:13:56:22:56:22:56:Infinity":1,"b:57:11:59:Infinity:undefined:undefined:undefined:undefined":2,"s:57:11:59:Infinity":9,"s:58:6:58:Infinity":10,"s:62:4:62:Infinity":11,"s:63:4:63:Infinity":12,"b:63:25:63:32:63:32:63:Infinity":3,"b:67:2:79:Infinity:undefined:undefined:undefined:undefined":4,"s:67:2:79:Infinity":13,"s:68:4:78:Infinity":14,"s:69:6:75:Infinity":15,"b:74:21:74:44:74:44:74:Infinity":5,"s:77:6:77:Infinity":16,"b:82:2:101:Infinity:undefined:undefined:undefined:undefined":6,"s:82:2:101:Infinity":17,"s:83:4:100:Infinity":18,"s:84:21:87:Infinity":19,"b:88:6:88:Infinity:undefined:undefined:undefined:undefined":7,"s:88:6:88:Infinity":20,"s:88:31:88:Infinity":21,"s:89:6:97:Infinity":22,"f:90:15:90:20":1,"s:90:32:96:10":23,"b:94:16:94:24:94:24:94:Infinity":8,"s:99:6:99:Infinity":24,"f:104:15:104:28":2,"s:106:2:120:Infinity":25,"s:106:15:106:18":26,"s:107:18:107:Infinity":27,"s:108:4:119:Infinity":28,"s:109:6:116:Infinity":29,"s:118:6:118:Infinity":30},"fnNames":{}}}
,"/Users/thufailahamed/Downloads/App-2/apps/api/src/lib/status-guard.ts": {"path":"/Users/thufailahamed/Downloads/App-2/apps/api/src/lib/status-guard.ts","statementMap":{"0":{"start":{"line":36,"column":39},"end":{"line":36,"column":null}},"1":{"start":{"line":37,"column":2},"end":{"line":37,"column":null}},"2":{"start":{"line":42,"column":16},"end":{"line":46,"column":null}},"3":{"start":{"line":48,"column":2},"end":{"line":48,"column":null}},"4":{"start":{"line":65,"column":39},"end":{"line":65,"column":null}},"5":{"start":{"line":66,"column":2},"end":{"line":72,"column":null}},"6":{"start":{"line":67,"column":4},"end":{"line":71,"column":null}},"7":{"start":{"line":68,"column":6},"end":{"line":68,"column":null}},"8":{"start":{"line":70,"column":6},"end":{"line":70,"column":null}},"9":{"start":{"line":73,"column":2},"end":{"line":76,"column":null}},"10":{"start":{"line":97,"column":2},"end":{"line":122,"column":null}},"11":{"start":{"line":98,"column":16},"end":{"line":110,"column":null}},"12":{"start":{"line":111,"column":4},"end":{"line":111,"column":null}},"13":{"start":{"line":113,"column":14},"end":{"line":113,"column":null}},"14":{"start":{"line":118,"column":4},"end":{"line":120,"column":null}},"15":{"start":{"line":119,"column":6},"end":{"line":119,"column":null}},"16":{"start":{"line":121,"column":4},"end":{"line":121,"column":null}}},"fnMap":{"0":{"name":"withStatusGuard","decl":{"start":{"line":29,"column":22},"end":{"line":29,"column":null}},"loc":{"start":{"line":35,"column":33},"end":{"line":49,"column":null}},"line":35},"1":{"name":"atomicIncrement","decl":{"start":{"line":59,"column":22},"end":{"line":59,"column":null}},"loc":{"start":{"line":64,"column":17},"end":{"line":77,"column":null}},"line":64},"2":{"name":"upsertActiveCareTeam","decl":{"start":{"line":86,"column":22},"end":{"line":86,"column":null}},"loc":{"start":{"line":96,"column":47},"end":{"line":123,"column":null}},"line":96}},"branchMap":{"0":{"loc":{"start":{"line":37,"column":22},"end":{"line":37,"column":null}},"type":"binary-expr","locations":[{"start":{"line":37,"column":22},"end":{"line":37,"column":43}},{"start":{"line":37,"column":43},"end":{"line":37,"column":null}}],"line":37},"1":{"loc":{"start":{"line":48,"column":32},"end":{"line":48,"column":44}},"type":"binary-expr","locations":[{"start":{"line":48,"column":32},"end":{"line":48,"column":39}},{"start":{"line":48,"column":39},"end":{"line":48,"column":44}}],"line":48},"2":{"loc":{"start":{"line":67,"column":4},"end":{"line":71,"column":null}},"type":"if","locations":[{"start":{"line":67,"column":4},"end":{"line":71,"column":null}},{"start":{"line":69,"column":11},"end":{"line":71,"column":null}}],"line":67},"3":{"loc":{"start":{"line":104,"column":16},"end":{"line":104,"column":null}},"type":"binary-expr","locations":[{"start":{"line":104,"column":16},"end":{"line":104,"column":29}},{"start":{"line":104,"column":29},"end":{"line":104,"column":null}}],"line":104},"4":{"loc":{"start":{"line":106,"column":25},"end":{"line":106,"column":null}},"type":"binary-expr","locations":[{"start":{"line":106,"column":25},"end":{"line":106,"column":48}},{"start":{"line":106,"column":48},"end":{"line":106,"column":null}}],"line":106},"5":{"loc":{"start":{"line":107,"column":25},"end":{"line":107,"column":null}},"type":"binary-expr","locations":[{"start":{"line":107,"column":25},"end":{"line":107,"column":48}},{"start":{"line":107,"column":48},"end":{"line":107,"column":null}}],"line":107},"6":{"loc":{"start":{"line":113,"column":21},"end":{"line":113,"column":39}},"type":"binary-expr","locations":[{"start":{"line":113,"column":21},"end":{"line":113,"column":37}},{"start":{"line":113,"column":37},"end":{"line":113,"column":39}}],"line":113},"7":{"loc":{"start":{"line":118,"column":4},"end":{"line":120,"column":null}},"type":"if","locations":[{"start":{"line":118,"column":4},"end":{"line":120,"column":null}},{"start":{},"end":{}}],"line":118}},"s":{"0":0,"1":0,"2":0,"3":0,"4":0,"5":0,"6":0,"7":0,"8":0,"9":0,"10":5,"11":5,"12":3,"13":2,"14":2,"15":1,"16":1},"f":{"0":0,"1":0,"2":5},"b":{"0":[0,0],"1":[0,0],"2":[0,0],"3":[5,5],"4":[5,4],"5":[5,5],"6":[2,0],"7":[1,1]},"meta":{"lastBranch":8,"lastFunction":3,"lastStatement":17,"seen":{"f:29:22:29:Infinity":0,"s:36:39:36:Infinity":0,"s:37:2:37:Infinity":1,"b:37:22:37:43:37:43:37:Infinity":0,"s:42:16:46:Infinity":2,"s:48:2:48:Infinity":3,"b:48:32:48:39:48:39:48:44":1,"f:59:22:59:Infinity":1,"s:65:39:65:Infinity":4,"s:66:2:72:Infinity":5,"b:67:4:71:Infinity:69:11:71:Infinity":2,"s:67:4:71:Infinity":6,"s:68:6:68:Infinity":7,"s:70:6:70:Infinity":8,"s:73:2:76:Infinity":9,"f:86:22:86:Infinity":2,"s:97:2:122:Infinity":10,"s:98:16:110:Infinity":11,"b:104:16:104:29:104:29:104:Infinity":3,"b:106:25:106:48:106:48:106:Infinity":4,"b:107:25:107:48:107:48:107:Infinity":5,"s:111:4:111:Infinity":12,"s:113:14:113:Infinity":13,"b:113:21:113:37:113:37:113:39":6,"b:118:4:120:Infinity:undefined:undefined:undefined:undefined":7,"s:118:4:120:Infinity":14,"s:119:6:119:Infinity":15,"s:121:4:121:Infinity":16},"fnNames":{}}}
,"/Users/thufailahamed/Downloads/App-2/apps/api/src/lib/validation-error.ts": {"path":"/Users/thufailahamed/Downloads/App-2/apps/api/src/lib/validation-error.ts","statementMap":{"0":{"start":{"line":9,"column":45},"end":{"line":18,"column":null}},"1":{"start":{"line":29,"column":14},"end":{"line":29,"column":null}},"2":{"start":{"line":30,"column":2},"end":{"line":30,"column":null}},"3":{"start":{"line":30,"column":12},"end":{"line":30,"column":null}},"4":{"start":{"line":31,"column":2},"end":{"line":31,"column":null}},"5":{"start":{"line":43,"column":15},"end":{"line":43,"column":null}},"6":{"start":{"line":44,"column":2},"end":{"line":52,"column":null}},"7":{"start":{"line":45,"column":43},"end":{"line":45,"column":75}},"8":{"start":{"line":47,"column":55},"end":{"line":50,"column":7}},"9":{"start":{"line":49,"column":29},"end":{"line":49,"column":61}}},"fnMap":{"0":{"name":"translateIssueMessage","decl":{"start":{"line":25,"column":16},"end":{"line":25,"column":null}},"loc":{"start":{"line":28,"column":10},"end":{"line":32,"column":null}},"line":28},"1":{"name":"flattenTranslated","decl":{"start":{"line":39,"column":16},"end":{"line":39,"column":null}},"loc":{"start":{"line":42,"column":67},"end":{"line":53,"column":null}},"line":42},"2":{"name":"(anonymous_2)","decl":{"start":{"line":45,"column":32},"end":{"line":45,"column":37}},"loc":{"start":{"line":45,"column":43},"end":{"line":45,"column":75}},"line":45},"3":{"name":"(anonymous_3)","decl":{"start":{"line":47,"column":39},"end":{"line":47,"column":44}},"loc":{"start":{"line":47,"column":55},"end":{"line":50,"column":7}},"line":47},"4":{"name":"(anonymous_4)","decl":{"start":{"line":49,"column":18},"end":{"line":49,"column":23}},"loc":{"start":{"line":49,"column":29},"end":{"line":49,"column":61}},"line":49}},"branchMap":{"0":{"loc":{"start":{"line":30,"column":2},"end":{"line":30,"column":null}},"type":"if","locations":[{"start":{"line":30,"column":2},"end":{"line":30,"column":null}},{"start":{},"end":{}}],"line":30},"1":{"loc":{"start":{"line":49,"column":9},"end":{"line":49,"column":16}},"type":"binary-expr","locations":[{"start":{"line":49,"column":9},"end":{"line":49,"column":14}},{"start":{"line":49,"column":14},"end":{"line":49,"column":16}}],"line":49}},"s":{"0":1,"1":2,"2":2,"3":2,"4":0,"5":2,"6":2,"7":0,"8":2,"9":2},"f":{"0":2,"1":2,"2":0,"3":2,"4":2},"b":{"0":[2,0],"1":[2,0]},"meta":{"lastBranch":2,"lastFunction":5,"lastStatement":10,"seen":{"s:9:45:18:Infinity":0,"f:25:16:25:Infinity":0,"s:29:14:29:Infinity":1,"b:30:2:30:Infinity:undefined:undefined:undefined:undefined":0,"s:30:2:30:Infinity":2,"s:30:12:30:Infinity":3,"s:31:2:31:Infinity":4,"f:39:16:39:Infinity":1,"s:43:15:43:Infinity":5,"s:44:2:52:Infinity":6,"f:45:32:45:37":2,"s:45:43:45:75":7,"f:47:39:47:44":3,"s:47:55:50:7":8,"b:49:9:49:14:49:14:49:16":1,"f:49:18:49:23":4,"s:49:29:49:61":9},"fnNames":{}}}
,"/Users/thufailahamed/Downloads/App-2/apps/api/src/middleware/auth.ts": {"path":"/Users/thufailahamed/Downloads/App-2/apps/api/src/middleware/auth.ts","statementMap":{"0":{"start":{"line":7,"column":17},"end":{"line":11,"column":null}},"1":{"start":{"line":19,"column":20},"end":{"line":19,"column":null}},"2":{"start":{"line":20,"column":2},"end":{"line":48,"column":null}},"3":{"start":{"line":21,"column":15},"end":{"line":21,"column":null}},"4":{"start":{"line":24,"column":19},"end":{"line":28,"column":null}},"5":{"start":{"line":30,"column":4},"end":{"line":41,"column":null}},"6":{"start":{"line":31,"column":24},"end":{"line":39,"column":null}},"7":{"start":{"line":40,"column":6},"end":{"line":40,"column":null}},"8":{"start":{"line":43,"column":4},"end":{"line":43,"column":null}},"9":{"start":{"line":44,"column":4},"end":{"line":44,"column":null}},"10":{"start":{"line":45,"column":4},"end":{"line":45,"column":null}},"11":{"start":{"line":46,"column":4},"end":{"line":46,"column":null}},"12":{"start":{"line":47,"column":4},"end":{"line":47,"column":null}},"13":{"start":{"line":51,"column":21},"end":{"line":51,"column":null}},"14":{"start":{"line":53,"column":2},"end":{"line":55,"column":null}},"15":{"start":{"line":54,"column":4},"end":{"line":54,"column":null}},"16":{"start":{"line":57,"column":16},"end":{"line":57,"column":null}},"17":{"start":{"line":58,"column":17},"end":{"line":58,"column":null}},"18":{"start":{"line":59,"column":18},"end":{"line":59,"column":null}},"19":{"start":{"line":61,"column":2},"end":{"line":63,"column":null}},"20":{"start":{"line":62,"column":4},"end":{"line":62,"column":null}},"21":{"start":{"line":65,"column":17},"end":{"line":65,"column":null}},"22":{"start":{"line":68,"column":13},"end":{"line":68,"column":null}},"23":{"start":{"line":69,"column":19},"end":{"line":73,"column":null}},"24":{"start":{"line":75,"column":2},"end":{"line":77,"column":null}},"25":{"start":{"line":76,"column":4},"end":{"line":76,"column":null}},"26":{"start":{"line":79,"column":2},"end":{"line":79,"column":null}},"27":{"start":{"line":80,"column":2},"end":{"line":80,"column":null}},"28":{"start":{"line":81,"column":2},"end":{"line":81,"column":null}},"29":{"start":{"line":83,"column":2},"end":{"line":83,"column":null}}},"fnMap":{"0":{"name":"authMiddleware","decl":{"start":{"line":13,"column":22},"end":{"line":13,"column":37}},"loc":{"start":{"line":13,"column":77},"end":{"line":84,"column":null}},"line":13}},"branchMap":{"0":{"loc":{"start":{"line":20,"column":2},"end":{"line":48,"column":null}},"type":"if","locations":[{"start":{"line":20,"column":2},"end":{"line":48,"column":null}},{"start":{},"end":{}}],"line":20},"1":{"loc":{"start":{"line":20,"column":6},"end":{"line":20,"column":47}},"type":"binary-expr","locations":[{"start":{"line":20,"column":6},"end":{"line":20,"column":35}},{"start":{"line":20,"column":35},"end":{"line":20,"column":47}}],"line":20},"2":{"loc":{"start":{"line":30,"column":4},"end":{"line":41,"column":null}},"type":"if","locations":[{"start":{"line":30,"column":4},"end":{"line":41,"column":null}},{"start":{},"end":{}}],"line":30},"3":{"loc":{"start":{"line":53,"column":2},"end":{"line":55,"column":null}},"type":"if","locations":[{"start":{"line":53,"column":2},"end":{"line":55,"column":null}},{"start":{},"end":{}}],"line":53},"4":{"loc":{"start":{"line":58,"column":17},"end":{"line":58,"column":null}},"type":"binary-expr","locations":[{"start":{"line":58,"column":17},"end":{"line":58,"column":37}},{"start":{"line":58,"column":37},"end":{"line":58,"column":null}}],"line":58},"5":{"loc":{"start":{"line":61,"column":2},"end":{"line":63,"column":null}},"type":"if","locations":[{"start":{"line":61,"column":2},"end":{"line":63,"column":null}},{"start":{},"end":{}}],"line":61},"6":{"loc":{"start":{"line":61,"column":6},"end":{"line":61,"column":32}},"type":"binary-expr","locations":[{"start":{"line":61,"column":6},"end":{"line":61,"column":18}},{"start":{"line":61,"column":18},"end":{"line":61,"column":32}}],"line":61},"7":{"loc":{"start":{"line":75,"column":2},"end":{"line":77,"column":null}},"type":"if","locations":[{"start":{"line":75,"column":2},"end":{"line":77,"column":null}},{"start":{},"end":{}}],"line":75}},"s":{"0":1,"1":16,"2":16,"3":0,"4":0,"5":0,"6":0,"7":0,"8":0,"9":0,"10":0,"11":0,"12":0,"13":16,"14":16,"15":0,"16":16,"17":16,"18":16,"19":16,"20":0,"21":16,"22":16,"23":16,"24":16,"25":0,"26":16,"27":16,"28":16,"29":16},"f":{"0":16},"b":{"0":[0,16],"1":[16,0],"2":[0,0],"3":[0,16],"4":[16,0],"5":[0,16],"6":[16,16],"7":[0,16]},"meta":{"lastBranch":8,"lastFunction":1,"lastStatement":30,"seen":{"s:7:17:11:Infinity":0,"f:13:22:13:37":0,"s:19:20:19:Infinity":1,"b:20:2:48:Infinity:undefined:undefined:undefined:undefined":0,"s:20:2:48:Infinity":2,"b:20:6:20:35:20:35:20:47":1,"s:21:15:21:Infinity":3,"s:24:19:28:Infinity":4,"b:30:4:41:Infinity:undefined:undefined:undefined:undefined":2,"s:30:4:41:Infinity":5,"s:31:24:39:Infinity":6,"s:40:6:40:Infinity":7,"s:43:4:43:Infinity":8,"s:44:4:44:Infinity":9,"s:45:4:45:Infinity":10,"s:46:4:46:Infinity":11,"s:47:4:47:Infinity":12,"s:51:21:51:Infinity":13,"b:53:2:55:Infinity:undefined:undefined:undefined:undefined":3,"s:53:2:55:Infinity":14,"s:54:4:54:Infinity":15,"s:57:16:57:Infinity":16,"s:58:17:58:Infinity":17,"b:58:17:58:37:58:37:58:Infinity":4,"s:59:18:59:Infinity":18,"b:61:2:63:Infinity:undefined:undefined:undefined:undefined":5,"s:61:2:63:Infinity":19,"b:61:6:61:18:61:18:61:32":6,"s:62:4:62:Infinity":20,"s:65:17:65:Infinity":21,"s:68:13:68:Infinity":22,"s:69:19:73:Infinity":23,"b:75:2:77:Infinity:undefined:undefined:undefined:undefined":7,"s:75:2:77:Infinity":24,"s:76:4:76:Infinity":25,"s:79:2:79:Infinity":26,"s:80:2:80:Infinity":27,"s:81:2:81:Infinity":28,"s:83:2:83:Infinity":29},"fnNames":{}}}
,"/Users/thufailahamed/Downloads/App-2/apps/api/src/middleware/rbac.ts": {"path":"/Users/thufailahamed/Downloads/App-2/apps/api/src/middleware/rbac.ts","statementMap":{"0":{"start":{"line":5,"column":2},"end":{"line":19,"column":null}},"1":{"start":{"line":6,"column":19},"end":{"line":6,"column":null}},"2":{"start":{"line":8,"column":4},"end":{"line":10,"column":null}},"3":{"start":{"line":9,"column":6},"end":{"line":9,"column":null}},"4":{"start":{"line":12,"column":4},"end":{"line":14,"column":null}},"5":{"start":{"line":13,"column":6},"end":{"line":13,"column":null}},"6":{"start":{"line":16,"column":4},"end":{"line":16,"column":null}},"7":{"start":{"line":18,"column":4},"end":{"line":18,"column":null}}},"fnMap":{"0":{"name":"requireRole","decl":{"start":{"line":4,"column":16},"end":{"line":4,"column":28}},"loc":{"start":{"line":4,"column":48},"end":{"line":20,"column":null}},"line":4},"1":{"name":"(anonymous_1)","decl":{"start":{"line":5,"column":9},"end":{"line":5,"column":16}},"loc":{"start":{"line":5,"column":59},"end":{"line":19,"column":null}},"line":5}},"branchMap":{"0":{"loc":{"start":{"line":8,"column":4},"end":{"line":10,"column":null}},"type":"if","locations":[{"start":{"line":8,"column":4},"end":{"line":10,"column":null}},{"start":{},"end":{}}],"line":8},"1":{"loc":{"start":{"line":12,"column":4},"end":{"line":14,"column":null}},"type":"if","locations":[{"start":{"line":12,"column":4},"end":{"line":14,"column":null}},{"start":{},"end":{}}],"line":12}},"s":{"0":2,"1":2,"2":2,"3":0,"4":2,"5":0,"6":2,"7":2},"f":{"0":2,"1":2},"b":{"0":[0,2],"1":[0,2]},"meta":{"lastBranch":2,"lastFunction":2,"lastStatement":8,"seen":{"f:4:16:4:28":0,"s:5:2:19:Infinity":0,"f:5:9:5:16":1,"s:6:19:6:Infinity":1,"b:8:4:10:Infinity:undefined:undefined:undefined:undefined":0,"s:8:4:10:Infinity":2,"s:9:6:9:Infinity":3,"b:12:4:14:Infinity:undefined:undefined:undefined:undefined":1,"s:12:4:14:Infinity":4,"s:13:6:13:Infinity":5,"s:16:4:16:Infinity":6,"s:18:4:18:Infinity":7},"fnNames":{}}}
,"/Users/thufailahamed/Downloads/App-2/apps/api/src/routes/care-team.ts": {"path":"/Users/thufailahamed/Downloads/App-2/apps/api/src/routes/care-team.ts","statementMap":{"0":{"start":{"line":46,"column":19},"end":{"line":52,"column":null}},"1":{"start":{"line":53,"column":20},"end":{"line":53,"column":null}},"2":{"start":{"line":54,"column":22},"end":{"line":54,"column":null}},"3":{"start":{"line":57,"column":16},"end":{"line":57,"column":null}},"4":{"start":{"line":58,"column":2},"end":{"line":58,"column":null}},"5":{"start":{"line":59,"column":2},"end":{"line":61,"column":null}},"6":{"start":{"line":60,"column":16},"end":{"line":60,"column":47}},"7":{"start":{"line":64,"column":23},"end":{"line":64,"column":null}},"8":{"start":{"line":66,"column":0},"end":{"line":66,"column":null}},"9":{"start":{"line":69,"column":14},"end":{"line":73,"column":null}},"10":{"start":{"line":74,"column":2},"end":{"line":74,"column":null}},"11":{"start":{"line":78,"column":14},"end":{"line":82,"column":null}},"12":{"start":{"line":83,"column":2},"end":{"line":83,"column":null}},"13":{"start":{"line":91,"column":0},"end":{"line":156,"column":null}},"14":{"start":{"line":92,"column":13},"end":{"line":92,"column":null}},"15":{"start":{"line":93,"column":17},"end":{"line":93,"column":null}},"16":{"start":{"line":94,"column":16},"end":{"line":94,"column":null}},"17":{"start":{"line":95,"column":20},"end":{"line":95,"column":null}},"18":{"start":{"line":97,"column":2},"end":{"line":99,"column":null}},"19":{"start":{"line":98,"column":4},"end":{"line":98,"column":null}},"20":{"start":{"line":102,"column":2},"end":{"line":124,"column":null}},"21":{"start":{"line":103,"column":15},"end":{"line":103,"column":null}},"22":{"start":{"line":104,"column":4},"end":{"line":106,"column":null}},"23":{"start":{"line":105,"column":6},"end":{"line":105,"column":null}},"24":{"start":{"line":107,"column":9},"end":{"line":124,"column":null}},"25":{"start":{"line":108,"column":16},"end":{"line":108,"column":null}},"26":{"start":{"line":109,"column":4},"end":{"line":109,"column":null}},"27":{"start":{"line":109,"column":14},"end":{"line":109,"column":null}},"28":{"start":{"line":110,"column":18},"end":{"line":120,"column":null}},"29":{"start":{"line":121,"column":4},"end":{"line":121,"column":null}},"30":{"start":{"line":121,"column":14},"end":{"line":121,"column":null}},"31":{"start":{"line":123,"column":4},"end":{"line":123,"column":null}},"32":{"start":{"line":126,"column":15},"end":{"line":153,"column":null}},"33":{"start":{"line":155,"column":2},"end":{"line":155,"column":null}},"34":{"start":{"line":172,"column":0},"end":{"line":349,"column":null}},"35":{"start":{"line":173,"column":13},"end":{"line":173,"column":null}},"36":{"start":{"line":174,"column":17},"end":{"line":174,"column":null}},"37":{"start":{"line":175,"column":16},"end":{"line":175,"column":null}},"38":{"start":{"line":176,"column":15},"end":{"line":176,"column":null}},"39":{"start":{"line":176,"column":47},"end":{"line":176,"column":50}},"40":{"start":{"line":178,"column":33},"end":{"line":178,"column":null}},"41":{"start":{"line":179,"column":32},"end":{"line":179,"column":null}},"42":{"start":{"line":180,"column":39},"end":{"line":180,"column":null}},"43":{"start":{"line":181,"column":29},"end":{"line":181,"column":null}},"44":{"start":{"line":182,"column":30},"end":{"line":182,"column":null}},"45":{"start":{"line":183,"column":29},"end":{"line":183,"column":null}},"46":{"start":{"line":185,"column":2},"end":{"line":258,"column":null}},"47":{"start":{"line":186,"column":19},"end":{"line":186,"column":null}},"48":{"start":{"line":187,"column":4},"end":{"line":195,"column":null}},"49":{"start":{"line":188,"column":6},"end":{"line":194,"column":null}},"50":{"start":{"line":196,"column":15},"end":{"line":196,"column":null}},"51":{"start":{"line":197,"column":4},"end":{"line":197,"column":null}},"52":{"start":{"line":197,"column":13},"end":{"line":197,"column":null}},"53":{"start":{"line":198,"column":4},"end":{"line":198,"column":null}},"54":{"start":{"line":199,"column":4},"end":{"line":199,"column":null}},"55":{"start":{"line":200,"column":4},"end":{"line":200,"column":null}},"56":{"start":{"line":201,"column":4},"end":{"line":201,"column":null}},"57":{"start":{"line":202,"column":4},"end":{"line":202,"column":null}},"58":{"start":{"line":203,"column":9},"end":{"line":258,"column":null}},"59":{"start":{"line":204,"column":19},"end":{"line":204,"column":null}},"60":{"start":{"line":205,"column":4},"end":{"line":213,"column":null}},"61":{"start":{"line":206,"column":6},"end":{"line":212,"column":null}},"62":{"start":{"line":214,"column":16},"end":{"line":214,"column":null}},"63":{"start":{"line":215,"column":4},"end":{"line":215,"column":null}},"64":{"start":{"line":215,"column":14},"end":{"line":215,"column":null}},"65":{"start":{"line":216,"column":4},"end":{"line":216,"column":null}},"66":{"start":{"line":217,"column":4},"end":{"line":217,"column":null}},"67":{"start":{"line":218,"column":4},"end":{"line":218,"column":null}},"68":{"start":{"line":219,"column":4},"end":{"line":219,"column":null}},"69":{"start":{"line":220,"column":4},"end":{"line":220,"column":null}},"70":{"start":{"line":224,"column":19},"end":{"line":234,"column":null}},"71":{"start":{"line":235,"column":4},"end":{"line":237,"column":null}},"72":{"start":{"line":236,"column":6},"end":{"line":236,"column":null}},"73":{"start":{"line":238,"column":4},"end":{"line":243,"column":null}},"74":{"start":{"line":239,"column":6},"end":{"line":242,"column":null}},"75":{"start":{"line":244,"column":4},"end":{"line":246,"column":null}},"76":{"start":{"line":245,"column":6},"end":{"line":245,"column":null}},"77":{"start":{"line":252,"column":4},"end":{"line":254,"column":null}},"78":{"start":{"line":253,"column":6},"end":{"line":253,"column":null}},"79":{"start":{"line":255,"column":4},"end":{"line":255,"column":null}},"80":{"start":{"line":257,"column":4},"end":{"line":257,"column":null}},"81":{"start":{"line":260,"column":2},"end":{"line":262,"column":null}},"82":{"start":{"line":261,"column":4},"end":{"line":261,"column":null}},"83":{"start":{"line":266,"column":2},"end":{"line":348,"column":null}},"84":{"start":{"line":267,"column":18},"end":{"line":281,"column":null}},"85":{"start":{"line":285,"column":4},"end":{"line":293,"column":null}},"86":{"start":{"line":286,"column":6},"end":{"line":292,"column":null}},"87":{"start":{"line":295,"column":4},"end":{"line":300,"column":null}},"88":{"start":{"line":303,"column":4},"end":{"line":333,"column":null}},"89":{"start":{"line":304,"column":20},"end":{"line":308,"column":null}},"90":{"start":{"line":309,"column":6},"end":{"line":317,"column":null}},"91":{"start":{"line":310,"column":8},"end":{"line":316,"column":null}},"92":{"start":{"line":318,"column":11},"end":{"line":333,"column":null}},"93":{"start":{"line":319,"column":18},"end":{"line":323,"column":null}},"94":{"start":{"line":324,"column":6},"end":{"line":332,"column":null}},"95":{"start":{"line":325,"column":8},"end":{"line":331,"column":null}},"96":{"start":{"line":335,"column":4},"end":{"line":335,"column":null}},"97":{"start":{"line":337,"column":16},"end":{"line":337,"column":null}},"98":{"start":{"line":338,"column":4},"end":{"line":346,"column":null}},"99":{"start":{"line":339,"column":6},"end":{"line":345,"column":null}},"100":{"start":{"line":347,"column":4},"end":{"line":347,"column":null}},"101":{"start":{"line":358,"column":0},"end":{"line":463,"column":null}},"102":{"start":{"line":359,"column":13},"end":{"line":359,"column":null}},"103":{"start":{"line":360,"column":17},"end":{"line":360,"column":null}},"104":{"start":{"line":361,"column":16},"end":{"line":361,"column":null}},"105":{"start":{"line":362,"column":13},"end":{"line":362,"column":null}},"106":{"start":{"line":363,"column":15},"end":{"line":363,"column":null}},"107":{"start":{"line":363,"column":47},"end":{"line":363,"column":50}},"108":{"start":{"line":365,"column":17},"end":{"line":365,"column":null}},"109":{"start":{"line":366,"column":2},"end":{"line":374,"column":null}},"110":{"start":{"line":367,"column":4},"end":{"line":373,"column":null}},"111":{"start":{"line":376,"column":21},"end":{"line":380,"column":null}},"112":{"start":{"line":381,"column":2},"end":{"line":381,"column":null}},"113":{"start":{"line":381,"column":17},"end":{"line":381,"column":null}},"114":{"start":{"line":384,"column":2},"end":{"line":396,"column":null}},"115":{"start":{"line":385,"column":15},"end":{"line":385,"column":null}},"116":{"start":{"line":386,"column":4},"end":{"line":388,"column":null}},"117":{"start":{"line":387,"column":6},"end":{"line":387,"column":null}},"118":{"start":{"line":389,"column":9},"end":{"line":396,"column":null}},"119":{"start":{"line":390,"column":16},"end":{"line":390,"column":null}},"120":{"start":{"line":391,"column":4},"end":{"line":393,"column":null}},"121":{"start":{"line":392,"column":6},"end":{"line":392,"column":null}},"122":{"start":{"line":395,"column":4},"end":{"line":395,"column":null}},"123":{"start":{"line":398,"column":38},"end":{"line":398,"column":null}},"124":{"start":{"line":399,"column":20},"end":{"line":399,"column":null}},"125":{"start":{"line":400,"column":2},"end":{"line":432,"column":null}},"126":{"start":{"line":401,"column":4},"end":{"line":406,"column":null}},"127":{"start":{"line":402,"column":6},"end":{"line":405,"column":null}},"128":{"start":{"line":407,"column":4},"end":{"line":431,"column":null}},"129":{"start":{"line":409,"column":6},"end":{"line":414,"column":null}},"130":{"start":{"line":410,"column":8},"end":{"line":413,"column":null}},"131":{"start":{"line":415,"column":6},"end":{"line":415,"column":null}},"132":{"start":{"line":416,"column":6},"end":{"line":416,"column":null}},"133":{"start":{"line":417,"column":6},"end":{"line":417,"column":null}},"134":{"start":{"line":418,"column":11},"end":{"line":431,"column":null}},"135":{"start":{"line":419,"column":6},"end":{"line":425,"column":null}},"136":{"start":{"line":427,"column":6},"end":{"line":427,"column":null}},"137":{"start":{"line":428,"column":6},"end":{"line":430,"column":null}},"138":{"start":{"line":429,"column":8},"end":{"line":429,"column":null}},"139":{"start":{"line":433,"column":2},"end":{"line":441,"column":null}},"140":{"start":{"line":434,"column":4},"end":{"line":439,"column":null}},"141":{"start":{"line":435,"column":6},"end":{"line":438,"column":null}},"142":{"start":{"line":440,"column":4},"end":{"line":440,"column":null}},"143":{"start":{"line":442,"column":2},"end":{"line":442,"column":null}},"144":{"start":{"line":442,"column":39},"end":{"line":442,"column":null}},"145":{"start":{"line":443,"column":2},"end":{"line":443,"column":null}},"146":{"start":{"line":445,"column":2},"end":{"line":447,"column":null}},"147":{"start":{"line":446,"column":4},"end":{"line":446,"column":null}},"148":{"start":{"line":449,"column":16},"end":{"line":453,"column":null}},"149":{"start":{"line":455,"column":2},"end":{"line":460,"column":null}},"150":{"start":{"line":462,"column":2},"end":{"line":462,"column":null}},"151":{"start":{"line":473,"column":0},"end":{"line":543,"column":null}},"152":{"start":{"line":474,"column":13},"end":{"line":474,"column":null}},"153":{"start":{"line":475,"column":17},"end":{"line":475,"column":null}},"154":{"start":{"line":476,"column":16},"end":{"line":476,"column":null}},"155":{"start":{"line":477,"column":2},"end":{"line":479,"column":null}},"156":{"start":{"line":478,"column":4},"end":{"line":478,"column":null}},"157":{"start":{"line":481,"column":15},"end":{"line":481,"column":null}},"158":{"start":{"line":481,"column":47},"end":{"line":481,"column":50}},"159":{"start":{"line":482,"column":17},"end":{"line":482,"column":null}},"160":{"start":{"line":483,"column":2},"end":{"line":491,"column":null}},"161":{"start":{"line":484,"column":4},"end":{"line":490,"column":null}},"162":{"start":{"line":493,"column":13},"end":{"line":493,"column":null}},"163":{"start":{"line":494,"column":2},"end":{"line":494,"column":null}},"164":{"start":{"line":494,"column":11},"end":{"line":494,"column":null}},"165":{"start":{"line":498,"column":14},"end":{"line":502,"column":null}},"166":{"start":{"line":504,"column":16},"end":{"line":504,"column":null}},"167":{"start":{"line":505,"column":19},"end":{"line":505,"column":null}},"168":{"start":{"line":509,"column":20},"end":{"line":509,"column":null}},"169":{"start":{"line":511,"column":2},"end":{"line":524,"column":null}},"170":{"start":{"line":526,"column":2},"end":{"line":531,"column":null}},"171":{"start":{"line":533,"column":2},"end":{"line":542,"column":null}},"172":{"start":{"line":550,"column":0},"end":{"line":594,"column":null}},"173":{"start":{"line":555,"column":15},"end":{"line":555,"column":null}},"174":{"start":{"line":556,"column":19},"end":{"line":556,"column":null}},"175":{"start":{"line":558,"column":18},"end":{"line":562,"column":null}},"176":{"start":{"line":563,"column":4},"end":{"line":563,"column":null}},"177":{"start":{"line":563,"column":14},"end":{"line":563,"column":null}},"178":{"start":{"line":565,"column":17},"end":{"line":590,"column":null}},"179":{"start":{"line":592,"column":4},"end":{"line":592,"column":null}},"180":{"start":{"line":599,"column":0},"end":{"line":617,"column":null}},"181":{"start":{"line":603,"column":15},"end":{"line":603,"column":null}},"182":{"start":{"line":604,"column":19},"end":{"line":604,"column":null}},"183":{"start":{"line":605,"column":15},"end":{"line":605,"column":null}},"184":{"start":{"line":606,"column":4},"end":{"line":608,"column":null}},"185":{"start":{"line":6
[...]
:16:58:Infinity":6,"b:58:38:58:45:58:45:58:Infinity":1,"s:59:4:62:Infinity":7,"s:60:6:60:Infinity":8,"s:61:6:61:Infinity":9,"f:65:2:65:11":1,"s:66:4:66:Infinity":10,"f:71:2:71:17":2,"s:72:4:72:Infinity":11,"f:72:9:72:26":3,"s:72:38:72:Infinity":12,"b:72:52:72:58:72:58:72:Infinity":2,"f:76:2:76:9":4,"s:77:4:77:Infinity":13,"f:83:2:83:17":5,"s:84:4:84:Infinity":14,"f:86:2:86:9":6,"s:87:4:87:Infinity":15,"f:89:2:89:9":7,"s:90:4:90:Infinity":16,"f:92:2:92:9":8,"s:93:4:93:Infinity":17,"f:95:8:95:23":9,"s:97:21:97:Infinity":18,"s:98:4:103:Infinity":19,"s:99:6:99:Infinity":20,"s:101:6:101:Infinity":21,"s:102:6:102:Infinity":22,"f:107:2:107:16":10,"s:108:19:108:Infinity":23,"b:109:4:112:Infinity:undefined:undefined:undefined:undefined":3,"s:109:4:112:Infinity":24,"s:110:6:110:Infinity":25,"s:111:6:111:Infinity":26,"s:113:4:113:Infinity":27,"f:115:2:115:13":11,"s:119:17:119:Infinity":28,"b:119:46:119:55:119:55:119:57":4,"s:120:4:124:Infinity":29,"b:121:6:123:Infinity:undefined:undefined:undefined:undefined":5,"s:121:6:123:Infinity":30,"s:122:8:122:Infinity":31,"s:126:4:127:Infinity":32,"b:127:6:127:24:127:24:127:39:127:39:127:59:127:59:127:Infinity":6,"f:130:2:130:20":12,"b:131:4:138:Infinity:undefined:undefined:undefined:undefined":7,"s:131:4:138:Infinity":33,"s:132:18:132:Infinity":34,"b:133:6:137:Infinity:undefined:undefined:undefined:undefined":8,"s:133:6:137:Infinity":35,"s:135:8:135:Infinity":36,"s:136:8:136:Infinity":37,"s:143:28:143:Infinity":38,"s:144:22:144:Infinity":39,"f:145:2:145:14":13,"s:145:22:145:34":40,"s:146:4:146:Infinity":41,"f:148:2:148:7":14,"s:149:4:149:Infinity":42,"s:150:4:150:Infinity":43,"f:152:2:152:12":15,"s:153:4:153:Infinity":44,"b:153:19:153:35:153:35:153:Infinity":9,"s:154:4:154:Infinity":45,"s:155:4:155:Infinity":46,"f:157:2:157:11":16,"s:158:4:158:Infinity":47,"f:160:2:160:8":17,"b:165:4:171:Infinity:undefined:undefined:undefined:undefined":10,"s:165:4:171:Infinity":48,"s:166:22:166:Infinity":49,"b:167:6:170:Infinity:undefined:undefined:undefined:undefined":11,"s:167:6:170:Infinity":50,"s:168:8:168:Infinity":51,"s:169:8:169:Infinity":52,"b:172:4:178:Infinity:undefined:undefined:undefined:undefined":12,"s:172:4:178:Infinity":53,"s:173:21:173:Infinity":54,"b:174:6:177:Infinity:undefined:undefined:undefined:undefined":13,"s:174:6:177:Infinity":55,"s:175:8:175:Infinity":56,"s:176:8:176:Infinity":57,"s:179:4:179:Infinity":58,"f:181:2:181:10":18,"s:182:4:182:Infinity":59,"b:182:26:182:41:182:41:182:59:182:59:182:Infinity":14,"s:183:4:183:Infinity":60,"f:185:2:185:10":19,"s:186:17:186:Infinity":61,"b:186:17:186:32:186:32:186:50:186:50:186:Infinity":15,"s:187:17:187:Infinity":62,"s:188:4:188:Infinity":63,"s:189:4:189:Infinity":64,"f:191:2:191:8":20,"s:192:4:192:Infinity":65,"s:193:4:193:Infinity":66,"f:197:2:197:12":21,"s:198:4:198:Infinity":67,"f:201:2:201:Infinity":22,"s:205:4:209:Infinity":68,"s:206:6:206:Infinity":69,"s:208:6:208:Infinity":70,"f:211:2:211:10":23,"b:212:4:212:Infinity:undefined:undefined:undefined:undefined":16,"s:212:4:212:Infinity":71,"s:212:23:212:Infinity":72,"s:213:18:213:Infinity":73,"b:214:4:214:Infinity:undefined:undefined:undefined:undefined":17,"s:214:4:214:Infinity":74,"s:214:16:214:Infinity":75,"s:215:22:215:Infinity":76,"f:215:33:215:38":24,"s:215:45:215:54":77,"b:216:4:216:Infinity:undefined:undefined:undefined:undefined":18,"s:216:4:216:Infinity":78,"s:216:26:216:Infinity":79,"b:217:4:225:Infinity:undefined:undefined:undefined:undefined":19,"s:217:4:225:Infinity":80,"s:218:30:218:Infinity":81,"s:219:6:224:Infinity":82,"f:219:11:219:17":25,"s:220:19:220:Infinity":83,"s:221:19:221:Infinity":84,"b:222:8:222:Infinity:undefined:undefined:undefined:undefined":20,"s:222:8:222:Infinity":85,"s:222:23:222:Infinity":86,"s:223:8:223:Infinity":87,"b:223:26:223:30:223:30:223:37":21,"b:223:44:223:49:223:49:223:Infinity":22,"b:226:4:235:Infinity:undefined:undefined:undefined:undefined":23,"s:226:4:235:Infinity":88,"s:227:19:227:Infinity":89,"s:228:6:234:Infinity":90,"f:228:18:228:26":26,"s:229:18:229:Infinity":91,"b:230:8:230:Infinity:undefined:undefined:undefined:undefined":24,"s:230:8:230:Infinity":92,"s:230:29:230:Infinity":93,"b:231:8:231:Infinity:undefined:undefined:undefined:undefined":25,"s:231:8:231:Infinity":94,"s:231:33:231:Infinity":95,"s:232:8:232:Infinity":96,"s:233:8:233:Infinity":97,"b:236:4:236:Infinity:undefined:undefined:undefined:undefined":26,"s:236:4:236:Infinity":98,"s:236:31:236:Infinity":99,"b:240:4:242:Infinity:undefined:undefined:undefined:undefined":27,"s:240:4:242:Infinity":100,"b:240:8:240:24:240:24:240:45":28,"s:241:6:241:Infinity":101,"f:241:18:241:23":27,"s:241:29:241:69":102,"s:243:4:243:Infinity":103,"f:243:16:243:21":28,"s:243:27:243:56":104,"f:251:9:251:Infinity":29,"s:256:14:256:Infinity":105,"s:257:2:286:Infinity":106,"s:258:23:258:Infinity":107,"b:258:23:258:51:258:51:258:Infinity":29,"s:259:19:259:Infinity":108,"s:260:23:260:Infinity":109,"b:261:4:274:Infinity:undefined:undefined:undefined:undefined":30,"s:261:4:274:Infinity":110,"s:265:6:273:Infinity":111,"f:265:27:265:33":30,"b:266:8:268:Infinity:undefined:undefined:undefined:undefined":31,"s:266:8:268:Infinity":112,"s:267:10:267:Infinity":113,"b:269:8:271:Infinity:undefined:undefined:undefined:undefined":32,"s:269:8:271:Infinity":114,"s:270:10:270:Infinity":115,"s:272:8:272:Infinity":116,"b:276:4:285:Infinity:undefined:undefined:undefined:undefined":33,"s:276:4:285:Infinity":117,"s:277:6:277:Infinity":118,"s:282:6:284:Infinity":119,"b:283:8:283:Infinity:undefined:undefined:undefined:undefined":34,"s:283:8:283:Infinity":120,"s:283:34:283:Infinity":121,"s:287:2:287:Infinity":122,"f:292:9:292:21":31,"s:298:17:298:Infinity":123,"b:299:2:299:Infinity:undefined:undefined:undefined:undefined":35,"s:299:2:299:Infinity":124,"b:299:6:299:32:299:32:299:51":36,"s:299:51:299:Infinity":125,"s:302:15:302:Infinity":126,"s:303:15:303:Infinity":127,"b:304:2:304:Infinity:undefined:undefined:undefined:undefined":37,"s:304:2:304:Infinity":128,"b:304:6:304:15:304:15:304:22":38,"s:304:22:304:Infinity":129,"s:306:15:306:Infinity":130,"s:307:15:307:Infinity":131,"s:308:17:318:Infinity":132,"b:309:6:317:Infinity:318:6:318:Infinity":39,"b:312:8:315:Infinity:317:8:317:Infinity":40,"f:309:47:309:53":32,"s:310:8:310:Infinity":133,"f:313:51:313:57":33,"s:314:12:314:Infinity":134,"s:319:17:329:Infinity":135,"b:320:6:328:Infinity:329:6:329:Infinity":41,"b:323:8:326:Infinity:328:8:328:Infinity":42,"f:320:47:320:53":34,"s:321:8:321:Infinity":136,"f:324:51:324:57":35,"s:325:12:325:Infinity":137,"b:330:2:330:Infinity:undefined:undefined:undefined:undefined":43,"s:330:2:330:Infinity":138,"b:330:6:330:15:330:15:330:24:330:24:330:35:330:35:330:44":44,"s:330:44:330:Infinity":139,"s:331:2:336:Infinity":140,"f:339:9:339:36":36,"s:340:19:340:Infinity":141,"b:341:2:341:Infinity:undefined:undefined:undefined:undefined":45,"s:341:2:341:Infinity":142,"s:341:17:341:Infinity":143,"s:342:17:344:Infinity":144,"f:342:56:342:62":37,"s:343:4:343:Infinity":145,"b:345:2:345:Infinity:undefined:undefined:undefined:undefined":46,"s:345:2:345:Infinity":146,"s:345:15:345:Infinity":147,"s:346:18:346:Infinity":148,"s:347:2:349:Infinity":149,"b:348:4:348:Infinity:undefined:undefined:undefined:undefined":47,"s:348:4:348:Infinity":150,"s:348:19:348:Infinity":151,"s:350:2:350:Infinity":152,"f:357:9:357:25":38,"b:358:2:358:Infinity:undefined:undefined:undefined:undefined":48,"s:358:2:358:Infinity":153,"b:358:6:358:15:358:15:358:41":49,"s:358:41:358:Infinity":154,"s:359:19:359:Infinity":155,"s:360:2:386:Infinity":156,"b:363:4:385:Infinity:380:11:385:Infinity":50,"s:363:4:385:Infinity":157,"b:363:8:363:15:363:15:363:42:363:42:363:54:363:54:363:65":51,"s:365:21:367:Infinity":158,"f:365:61:365:67":39,"s:366:8:366:Infinity":159,"s:368:22:368:Infinity":160,"b:368:31:368:51:368:51:368:Infinity":52,"s:369:31:369:Infinity":161,"b:370:6:377:Infinity:undefined:undefined:undefined:undefined":53,"s:370:6:377:Infinity":162,"s:371:8:376:Infinity":163,"b:372:10:375:Infinity:undefined:undefined:undefined:undefined":54,"s:372:10:375:Infinity":164,"s:373:12:373:Infinity":165,"s:374:12:374:Infinity":166,"b:378:6:378:Infinity:undefined:undefined:undefined:undefined":55,"s:378:6:378:Infinity":167,"s:378:16:378:Infinity":168,"s:379:6:379:Infinity":169,"b:380:11:385:Infinity:383:11:385:Infinity":56,"s:380:11:385:Infinity":170,"s:382:6:382:Infinity":171,"s:384:6:384:Infinity":172,"s:387:2:387:Infinity":173,"s:391:27:391:Infinity":174,"f:392:2:392:14":40,"s:392:22:392:34":175,"s:392:42:392:54":176,"f:393:2:393:9":41,"s:394:16:394:Infinity":177,"b:394:37:394:43:394:43:394:Infinity":57,"s:395:22:395:Infinity":178,"b:396:4:398:Infinity:undefined:undefined:undefined:undefined":58,"s:396:4:398:Infinity":179,"s:397:6:397:Infinity":180,"s:399:18:399:Infinity":181,"s:400:4:409:Infinity":182,"s:401:27:401:Infinity":183,"b:402:6:404:Infinity:undefined:undefined:undefined:undefined":59,"s:402:6:404:Infinity":184,"s:403:8:403:Infinity":185,"s:405:6:405:Infinity":186,"s:406:6:406:Infinity":187,"s:407:6:407:Infinity":188,"s:408:6:408:Infinity":189,"s:410:4:410:Infinity":190,"f:412:2:412:12":42,"s:413:4:413:Infinity":191,"f:413:40:413:45":43,"s:413:52:413:61":192,"f:417:2:417:Infinity":44,"s:421:4:424:Infinity":193,"f:421:40:421:45":45,"s:421:52:421:61":194,"s:429:28:429:Infinity":195,"s:430:23:430:Infinity":196,"s:431:27:431:Infinity":197,"f:432:2:432:14":46,"s:432:22:432:34":198,"s:432:42:432:54":199,"s:433:4:433:Infinity":200,"f:435:2:435:6":47,"s:436:4:436:Infinity":201,"s:437:4:437:Infinity":202,"f:439:2:439:8":48,"s:441:20:441:Infinity":203,"b:442:4:445:Infinity:undefined:undefined:undefined:undefined":60,"s:442:4:445:Infinity":204,"s:443:6:443:Infinity":205,"s:444:6:444:Infinity":206,"b:446:4:452:Infinity:undefined:undefined:undefined:undefined":61,"s:446:4:452:Infinity":207,"s:447:21:447:Infinity":208,"b:448:6:451:Infinity:undefined:undefined:undefined:undefined":62,"s:448:6:451:Infinity":209,"s:449:8:449:Infinity":210,"s:450:8:450:Infinity":211,"s:453:4:453:Infinity":212,"f:455:2:455:10":49,"s:456:18:456:Infinity":213,"b:457:4:460:Infinity:undefined:undefined:undefined:undefined":63,"s:457:4:460:Infinity":214,"s:458:6:458:Infinity":215,"s:459:6:459:Infinity":216,"s:461:4:461:Infinity":217,"s:462:4:467:Infinity":218,"b:463:6:466:Infinity:undefined:undefined:undefined:undefined":64,"s:463:6:466:Infinity":219,"b:463:10:463:31:463:31:463:54":65,"s:464:8:464:Infinity":220,"s:465:8:465:Infinity":221,"s:468:4:468:Infinity":222,"f:470:2:470:12":50,"s:471:4:471:Infinity":223,"f:473:2:473:Infinity":51,"s:477:4:481:Infinity":224,"s:478:6:478:Infinity":225,"s:480:6:480:Infinity":226,"s:486:28:486:Infinity":227,"s:487:27:487:Infinity":228,"f:488:2:488:14":52,"s:488:22:488:34":229,"s:488:42:488:54":230,"s:489:4:489:Infinity":231,"f:491:2:491:8":53,"s:492:20:492:Infinity":232,"b:493:4:496:Infinity:undefined:undefined:undefined:undefined":66,"s:493:4:496:Infinity":233,"s:494:6:494:Infinity":234,"s:495:6:495:Infinity":235,"b:497:4:503:Infinity:undefined:undefined:undefined:undefined":67,"s:497:4:503:Infinity":236,"s:498:21:498:Infinity":237,"b:499:6:502:Infinity:undefined:undefined:undefined:undefined":68,"s:499:6:502:Infinity":238,"s:500:8:500:Infinity":239,"s:501:8:501:Infinity":240,"s:504:4:504:Infinity":241,"f:506:2:506:10":54,"s:507:18:507:Infinity":242,"b:508:4:511:Infinity:undefined:undefined:undefined:undefined":69,"s:508:4:511:Infinity":243,"s:509:6:509:Infinity":244,"s:510:6:510:Infinity":245,"s:512:24:512:Infinity":246,"s:513:4:513:Infinity":247,"s:514:4:520:Infinity":248,"b:515:6:519:Infinity:517:13:519:Infinity":70,"s:515:6:519:Infinity":249,"b:515:10:515:31:515:31:515:54":71,"s:516:8:516:Infinity":250,"s:518:8:518:Infinity":251,"s:521:4:521:Infinity":252,"s:522:4:522:Infinity":253,"f:524:2:524:12":55,"s:525:4:525:Infinity":254,"f:527:2:527:Infinity":56,"s:531:4:535:Infinity":255,"s:532:6:532:Infinity":256,"s:534:6:534:Infinity":257,"f:552:9:552:Infinity":57,"b:557:2:557:Infinity:undefined:undefined:undefined:undefined":72,"s:557:2:557:Infinity":258,"s:557:13:557:Infinity":259,"s:560:17:560:Infinity":260,"b:561:2:561:Infinity:undefined:undefined:undefined:undefined":73,"s:561:2:561:Infinity":261,"s:561:30:561:Infinity":262,"s:564:33:564:Infinity":263,"s:568:7:568:Infinity":264,"s:570:2:585:Infinity":265,"s:571:17:571:Infinity":266,"b:572:4:584:Infinity:577:11:584:Infinity":74,"s:572:4:584:Infinity":267,"s:574:18:574:Infinity":268,"b:575:6:575:Infinity:undefined:undefined:undefined:undefined":75,"s:575:6:575:Infinity":269,"s:575:15:575:Infinity":270,"s:576:6:576:Infinity":271,"b:577:11:584:Infinity:undefined:undefined:undefined:undefined":76,"s:577:11:584:Infinity":272,"s:578:16:578:Infinity":273,"b:578:23:578:40:578:40:578:42":77,"b:579:6:583:Infinity:581:13:583:Infinity":78,"s:579:6:583:Infinity":274,"b:579:10:579:31:579:31:579:69":79,"s:580:8:580:Infinity":275,"b:581:13:583:Infinity:undefined:undefined:undefined:undefined":80,"s:581:13:583:Infinity":276,"s:582:8:582:Infinity":277,"b:591:2:618:Infinity:undefined:undefined:undefined:undefined":81,"s:591:2:618:Infinity":278,"s:592:19:592:Infinity":279,"s:593:19:593:Infinity":280,"s:594:21:594:Infinity":281,"s:595:4:606:Infinity":282,"s:596:19:596:Infinity":283,"b:598:6:605:Infinity:600:13:605:Infinity":82,"s:598:6:605:Infinity":284,"s:599:8:599:Infinity":285,"b:600:13:605:Infinity:602:13:605:Infinity":83,"s:600:13:605:Infinity":286,"s:601:8:601:Infinity":287,"b:602:13:605:Infinity:undefined:undefined:undefined:undefined":84,"s:602:13:605:Infinity":288,"s:603:8:603:Infinity":289,"s:604:8:604:Infinity":290,"b:607:4:616:Infinity:undefined:undefined:undefined:undefined":85,"s:607:4:616:Infinity":291,"b:607:8:607:15:607:15:607:34":86,"b:608:6:615:Infinity:undefined:undefined:undefined:undefined":87,"s:608:6:615:Infinity":292,"s:609:23:609:Infinity":293,"b:610:8:610:Infinity:undefined:undefined:undefined:undefined":88,"s:610:8:610:Infinity":294,"s:610:21:610:Infinity":295,"b:611:8:613:Infinity:undefined:undefined:undefined:undefined":89,"s:611:8:613:Infinity":296,"s:612:10:612:Infinity":297,"f:612:10:612:18":58,"s:612:31:612:Infinity":298,"s:614:8:614:Infinity":299,"f:614:8:614:16":59,"s:614:29:614:Infinity":300,"s:617:4:617:Infinity":301,"b:620:2:620:Infinity:undefined:undefined:undefined:undefined":90,"s:620:2:620:Infinity":302,"s:620:26:620:Infinity":303,"s:622:2:630:Infinity":304,"f:622:2:622:10":60,"s:623:14:623:Infinity":305,"s:624:4:628:Infinity":306,"s:624:17:624:20":307,"s:625:16:625:Infinity":308,"b:626:6:627:Infinity:627:11:627:Infinity":91,"s:626:6:627:Infinity":309,"s:626:40:626:Infinity":310,"b:626:46:626:53:626:53:626:Infinity":92,"s:627:11:627:Infinity":311,"b:627:17:627:24:627:24:627:Infinity":93,"s:629:4:629:Infinity":312,"f:633:9:633:Infinity":61,"b:638:2:638:Infinity:undefined:undefined:undefined:undefined":94,"s:638:2:638:Infinity":313,"b:638:6:638:14:638:14:638:29":95,"s:638:29:638:Infinity":314,"s:639:19:639:Infinity":315,"b:640:2:640:Infinity:undefined:undefined:undefined:undefined":96,"s:640:2:640:Infinity":316,"s:640:17:640:Infinity":317,"s:641:2:641:Infinity":318,"f:648:9:648:26":62,"s:649:19:649:Infinity":319,"b:650:2:650:Infinity:undefined:undefined:undefined:undefined":97,"s:650:2:650:Infinity":320,"s:650:17:650:Infinity":321,"s:651:17:653:Infinity":322,"f:651:56:651:62":63,"s:652:4:652:Infinity":323,"b:654:2:654:Infinity:undefined:undefined:undefined:undefined":98,"s:654:2:654:Infinity":324,"s:654:15:654:Infinity":325,"s:655:18:655:Infinity":326,"s:656:2:658:Infinity":327,"b:657:4:657:Infinity:undefined:undefined:undefined:undefined":99,"s:657:4:657:Infinity":328,"s:657:19:657:Infinity":329,"s:659:2:659:Infinity":330},"fnNames":{}}}
,"/Users/thufailahamed/Downloads/App-2/apps/api/tests/_testApp.ts": {"path":"/Users/thufailahamed/Downloads/App-2/apps/api/tests/_testApp.ts","statementMap":{"0":{"start":{"line":20,"column":20},"end":{"line":20,"column":null}},"1":{"start":{"line":28,"column":2},"end":{"line":34,"column":null}},"2":{"start":{"line":38,"column":14},"end":{"line":38,"column":null}},"3":{"start":{"line":41,"column":2},"end":{"line":50,"column":null}},"4":{"start":{"line":42,"column":4},"end":{"line":49,"column":null}},"5":{"start":{"line":53,"column":2},"end":{"line":71,"column":null}},"6":{"start":{"line":54,"column":4},"end":{"line":54,"column":null}},"7":{"start":{"line":55,"column":4},"end":{"line":55,"column":null}},"8":{"start":{"line":56,"column":4},"end":{"line":56,"column":null}},"9":{"start":{"line":57,"column":4},"end":{"line":57,"column":null}},"10":{"start":{"line":58,"column":4},"end":{"line":69,"column":null}},"11":{"start":{"line":59,"column":20},"end":{"line":59,"column":null}},"12":{"start":{"line":62,"column":18},"end":{"line":67,"column":null}},"13":{"start":{"line":68,"column":6},"end":{"line":68,"column":null}},"14":{"start":{"line":70,"column":4},"end":{"line":70,"column":null}},"15":{"start":{"line":73,"column":2},"end":{"line":73,"column":null}},"16":{"start":{"line":74,"column":2},"end":{"line":74,"column":null}},"17":{"start":{"line":79,"column":2},"end":{"line":83,"column":null}},"18":{"start":{"line":87,"column":2},"end":{"line":91,"column":null}},"19":{"start":{"line":95,"column":2},"end":{"line":95,"column":null}}},"fnMap":{"0":{"name":"makeToken","decl":{"start":{"line":27,"column":15},"end":{"line":27,"column":25}},"loc":{"start":{"line":27,"column":58},"end":{"line":35,"column":null}},"line":27},"1":{"name":"buildTestApp","decl":{"start":{"line":37,"column":22},"end":{"line":37,"column":35}},"loc":{"start":{"line":37,"column":64},"end":{"line":75,"column":null}},"line":37},"2":{"name":"(anonymous_2)","decl":{"start":{"line":53,"column":15},"end":{"line":53,"column":22}},"loc":{"start":{"line":53,"column":34},"end":{"line":71,"column":3}},"line":53},"3":{"name":"postJson","decl":{"start":{"line":78,"column":22},"end":{"line":78,"column":31}},"loc":{"start":{"line":78,"column":83},"end":{"line":84,"column":null}},"line":78},"4":{"name":"patchJson","decl":{"start":{"line":86,"column":22},"end":{"line":86,"column":32}},"loc":{"start":{"line":86,"column":84},"end":{"line":92,"column":null}},"line":86},"5":{"name":"getJson","decl":{"start":{"line":94,"column":22},"end":{"line":94,"column":30}},"loc":{"start":{"line":94,"column":71},"end":{"line":96,"column":null}},"line":94}},"branchMap":{"0":{"loc":{"start":{"line":41,"column":2},"end":{"line":50,"column":null}},"type":"if","locations":[{"start":{"line":41,"column":2},"end":{"line":50,"column":null}},{"start":{},"end":{}}],"line":41},"1":{"loc":{"start":{"line":54,"column":12},"end":{"line":54,"column":null}},"type":"binary-expr","locations":[{"start":{"line":54,"column":12},"end":{"line":54,"column":22}},{"start":{"line":54,"column":22},"end":{"line":54,"column":null}}],"line":54},"2":{"loc":{"start":{"line":58,"column":4},"end":{"line":69,"column":null}},"type":"if","locations":[{"start":{"line":58,"column":4},"end":{"line":69,"column":null}},{"start":{},"end":{}}],"line":58}},"s":{"0":1,"1":14,"2":14,"3":14,"4":14,"5":14,"6":14,"7":14,"8":14,"9":14,"10":14,"11":14,"12":14,"13":14,"14":14,"15":14,"16":14,"17":8,"18":4,"19":2},"f":{"0":14,"1":14,"2":14,"3":8,"4":4,"5":2},"b":{"0":[14,0],"1":[14,14],"2":[14,0]},"meta":{"lastBranch":3,"lastFunction":6,"lastStatement":20,"seen":{"s:20:20:20:Infinity":0,"f:27:15:27:25":0,"s:28:2:34:Infinity":1,"f:37:22:37:35":1,"s:38:14:38:Infinity":2,"b:41:2:50:Infinity:undefined:undefined:undefined:undefined":0,"s:41:2:50:Infinity":3,"s:42:4:49:Infinity":4,"s:53:2:71:Infinity":5,"f:53:15:53:22":2,"s:54:4:54:Infinity":6,"b:54:12:54:22:54:22:54:Infinity":1,"s:55:4:55:Infinity":7,"s:56:4:56:Infinity":8,"s:57:4:57:Infinity":9,"b:58:4:69:Infinity:undefined:undefined:undefined:undefined":2,"s:58:4:69:Infinity":10,"s:59:20:59:Infinity":11,"s:62:18:67:Infinity":12,"s:68:6:68:Infinity":13,"s:70:4:70:Infinity":14,"s:73:2:73:Infinity":15,"s:74:2:74:Infinity":16,"f:78:22:78:31":3,"s:79:2:83:Infinity":17,"f:86:22:86:32":4,"s:87:2:91:Infinity":18,"f:94:22:94:30":5,"s:95:2:95:Infinity":19},"fnNames":{}}}
}
